[0.483s] DEBUG:colcon:Command line arguments: ['/usr/bin/colcon', 'build', '--symlink-install']
[0.483s] DEBUG:colcon:Parsed command line arguments: Namespace(allow_overriding=[], ament_cmake_args=None, base_paths=['.'], build_base='build', catkin_cmake_args=None, catkin_skip_building_tests=False, cmake_args=None, cmake_clean_cache=False, cmake_clean_first=False, cmake_force_configure=False, cmake_target=None, cmake_target_skip_unavailable=False, continue_on_error=False, event_handlers=None, executor='parallel', ignore_user_meta=False, install_base='install', log_base=None, log_level=None, main=<bound method BuildVerb.main of <colcon_core.verb.build.BuildVerb object at 0x7fe6dc497190>>, merge_install=False, metas=['./colcon.meta'], packages_above=None, packages_above_and_dependencies=None, packages_above_depth=None, packages_end=None, packages_ignore=None, packages_ignore_regex=None, packages_select=None, packages_select_build_failed=False, packages_select_by_dep=None, packages_select_regex=None, packages_select_test_failures=False, packages_skip=None, packages_skip_build_finished=False, packages_skip_by_dep=None, packages_skip_regex=None, packages_skip_test_passed=False, packages_skip_up_to=None, packages_start=None, packages_up_to=None, packages_up_to_regex=None, parallel_workers=12, paths=None, symlink_install=True, test_result_base=None, verb_extension=<colcon_core.verb.build.BuildVerb object at 0x7fe6dc497190>, verb_name='build', verb_parser=<colcon_defaults.argument_parser.defaults.DefaultArgumentsDecorator object at 0x7fe6dc4976d0>)
[0.525s] Level 1:colcon.colcon_core.package_discovery:discover_packages(colcon_meta) check parameters
[0.526s] Level 1:colcon.colcon_core.package_discovery:discover_packages(recursive) check parameters
[0.526s] Level 1:colcon.colcon_core.package_discovery:discover_packages(ignore) check parameters
[0.526s] Level 1:colcon.colcon_core.package_discovery:discover_packages(path) check parameters
[0.526s] Level 1:colcon.colcon_core.package_discovery:discover_packages(colcon_meta) discover
[0.526s] Level 1:colcon.colcon_core.package_discovery:discover_packages(recursive) discover
[0.526s] INFO:colcon.colcon_core.package_discovery:Crawling recursively for packages in '/home/josh/robot_ws/src/open-source-autonomous-vehicle-controller/car_ros'
[0.526s] Level 1:colcon.colcon_core.package_identification:_identify(.) by extensions ['ignore', 'ignore_ament_install']
[0.526s] Level 1:colcon.colcon_core.package_identification:_identify(.) by extension 'ignore'
[0.526s] Level 1:colcon.colcon_core.package_identification:_identify(.) by extension 'ignore_ament_install'
[0.526s] Level 1:colcon.colcon_core.package_identification:_identify(.) by extensions ['colcon_pkg']
[0.526s] Level 1:colcon.colcon_core.package_identification:_identify(.) by extension 'colcon_pkg'
[0.526s] Level 1:colcon.colcon_core.package_identification:_identify(.) by extensions ['colcon_meta']
[0.526s] Level 1:colcon.colcon_core.package_identification:_identify(.) by extension 'colcon_meta'
[0.526s] Level 1:colcon.colcon_core.package_identification:_identify(.) by extensions ['ros']
[0.526s] Level 1:colcon.colcon_core.package_identification:_identify(.) by extension 'ros'
[0.549s] DEBUG:colcon.colcon_core.package_identification:Package '.' with type 'ros.ament_cmake' and name 'articubot_one'
[0.550s] Level 1:colcon.colcon_core.package_discovery:discover_packages(recursive) using defaults
[0.550s] Level 1:colcon.colcon_core.package_discovery:discover_packages(ignore) discover
[0.550s] Level 1:colcon.colcon_core.package_discovery:discover_packages(ignore) using defaults
[0.550s] Level 1:colcon.colcon_core.package_discovery:discover_packages(path) discover
[0.550s] Level 1:colcon.colcon_core.package_discovery:discover_packages(path) using defaults
[0.582s] Level 1:colcon.colcon_core.package_discovery:discover_packages(prefix_path) check parameters
[0.582s] Level 1:colcon.colcon_core.package_discovery:discover_packages(prefix_path) discover
[0.590s] DEBUG:colcon.colcon_installed_package_information.package_discovery:Found 266 installed packages in /opt/ros/foxy
[0.591s] Level 1:colcon.colcon_core.package_discovery:discover_packages(prefix_path) using defaults
[0.660s] Level 5:colcon.colcon_core.verb:set package 'articubot_one' build argument 'cmake_args' from command line to 'None'
[0.660s] Level 5:colcon.colcon_core.verb:set package 'articubot_one' build argument 'cmake_target' from command line to 'None'
[0.660s] Level 5:colcon.colcon_core.verb:set package 'articubot_one' build argument 'cmake_target_skip_unavailable' from command line to 'False'
[0.660s] Level 5:colcon.colcon_core.verb:set package 'articubot_one' build argument 'cmake_clean_cache' from command line to 'False'
[0.660s] Level 5:colcon.colcon_core.verb:set package 'articubot_one' build argument 'cmake_clean_first' from command line to 'False'
[0.660s] Level 5:colcon.colcon_core.verb:set package 'articubot_one' build argument 'cmake_force_configure' from command line to 'False'
[0.660s] Level 5:colcon.colcon_core.verb:set package 'articubot_one' build argument 'ament_cmake_args' from command line to 'None'
[0.660s] Level 5:colcon.colcon_core.verb:set package 'articubot_one' build argument 'catkin_cmake_args' from command line to 'None'
[0.660s] Level 5:colcon.colcon_core.verb:set package 'articubot_one' build argument 'catkin_skip_building_tests' from command line to 'False'
[0.660s] DEBUG:colcon.colcon_core.verb:Building package 'articubot_one' with the following arguments: {'ament_cmake_args': None, 'build_base': '/home/josh/robot_ws/src/open-source-autonomous-vehicle-controller/car_ros/build/articubot_one', 'catkin_cmake_args': None, 'catkin_skip_building_tests': False, 'cmake_args': None, 'cmake_clean_cache': False, 'cmake_clean_first': False, 'cmake_force_configure': False, 'cmake_target': None, 'cmake_target_skip_unavailable': False, 'install_base': '/home/josh/robot_ws/src/open-source-autonomous-vehicle-controller/car_ros/install/articubot_one', 'merge_install': False, 'path': '/home/josh/robot_ws/src/open-source-autonomous-vehicle-controller/car_ros', 'symlink_install': True, 'test_result_base': None}
[0.661s] INFO:colcon.colcon_core.executor:Executing jobs using 'parallel' executor
[0.670s] DEBUG:colcon.colcon_parallel_executor.executor.parallel:run_until_complete
[0.670s] INFO:colcon.colcon_ros.task.ament_cmake.build:Building ROS package in '/home/josh/robot_ws/src/open-source-autonomous-vehicle-controller/car_ros' with build type 'ament_cmake'
[0.670s] INFO:colcon.colcon_cmake.task.cmake.build:Building CMake package in '/home/josh/robot_ws/src/open-source-autonomous-vehicle-controller/car_ros'
[0.679s] INFO:colcon.colcon_core.plugin_system:Skipping extension 'colcon_core.shell.bat': Not used on non-Windows systems
[0.680s] INFO:colcon.colcon_core.shell:Skip shell extension 'powershell' for command environment: Not usable outside of PowerShell
[0.680s] DEBUG:colcon.colcon_core.shell:Skip shell extension 'dsv' for command environment
[0.693s] DEBUG:colcon.colcon_core.event_handler.log_command:Invoking command in '/home/josh/robot_ws/src/open-source-autonomous-vehicle-controller/car_ros/build/articubot_one': CMAKE_PREFIX_PATH=/opt/ros/foxy /usr/bin/cmake --build /home/josh/robot_ws/src/open-source-autonomous-vehicle-controller/car_ros/build/articubot_one -- -j12 -l12
[0.777s] DEBUG:colcon.colcon_core.event_handler.log_command:Invoked command in '/home/josh/robot_ws/src/open-source-autonomous-vehicle-controller/car_ros/build/articubot_one' returned '0': CMAKE_PREFIX_PATH=/opt/ros/foxy /usr/bin/cmake --build /home/josh/robot_ws/src/open-source-autonomous-vehicle-controller/car_ros/build/articubot_one -- -j12 -l12
[0.796s] DEBUG:colcon.colcon_core.event_handler.log_command:Invoking command in '/home/josh/robot_ws/src/open-source-autonomous-vehicle-controller/car_ros/build/articubot_one': CMAKE_PREFIX_PATH=/opt/ros/foxy /usr/bin/cmake --install /home/josh/robot_ws/src/open-source-autonomous-vehicle-controller/car_ros/build/articubot_one
[0.838s] Level 1:colcon.colcon_core.environment:create_environment_scripts_only(articubot_one)
[0.839s] DEBUG:colcon.colcon_core.event_handler.log_command:Invoked command in '/home/josh/robot_ws/src/open-source-autonomous-vehicle-controller/car_ros/build/articubot_one' returned '0': CMAKE_PREFIX_PATH=/opt/ros/foxy /usr/bin/cmake --install /home/josh/robot_ws/src/open-source-autonomous-vehicle-controller/car_ros/build/articubot_one
[0.849s] Level 1:colcon.colcon_core.environment:checking '/home/josh/robot_ws/src/open-source-autonomous-vehicle-controller/car_ros/install/articubot_one' for CMake module files
[0.849s] Level 1:colcon.colcon_core.environment:checking '/home/josh/robot_ws/src/open-source-autonomous-vehicle-controller/car_ros/install/articubot_one' for CMake config files
[0.850s] Level 1:colcon.colcon_core.shell:create_environment_hook('articubot_one', 'cmake_prefix_path')
[0.853s] INFO:colcon.colcon_core.shell:Creating environment hook '/home/josh/robot_ws/src/open-source-autonomous-vehicle-controller/car_ros/install/articubot_one/share/articubot_one/hook/cmake_prefix_path.ps1'
[0.854s] INFO:colcon.colcon_core.shell:Creating environment descriptor '/home/josh/robot_ws/src/open-source-autonomous-vehicle-controller/car_ros/install/articubot_one/share/articubot_one/hook/cmake_prefix_path.dsv'
[0.855s] INFO:colcon.colcon_core.shell:Creating environment hook '/home/josh/robot_ws/src/open-source-autonomous-vehicle-controller/car_ros/install/articubot_one/share/articubot_one/hook/cmake_prefix_path.sh'
[0.856s] Level 1:colcon.colcon_core.environment:checking '/home/josh/robot_ws/src/open-source-autonomous-vehicle-controller/car_ros/install/articubot_one/bin'
[0.856s] Level 1:colcon.colcon_core.environment:checking '/home/josh/robot_ws/src/open-source-autonomous-vehicle-controller/car_ros/install/articubot_one/lib/pkgconfig/articubot_one.pc'
[0.856s] Level 1:colcon.colcon_core.environment:checking '/home/josh/robot_ws/src/open-source-autonomous-vehicle-controller/car_ros/install/articubot_one/lib/python3.8/site-packages'
[0.856s] Level 1:colcon.colcon_core.environment:checking '/home/josh/robot_ws/src/open-source-autonomous-vehicle-controller/car_ros/install/articubot_one/bin'
[0.860s] INFO:colcon.colcon_core.shell:Creating package script '/home/josh/robot_ws/src/open-source-autonomous-vehicle-controller/car_ros/install/articubot_one/share/articubot_one/package.ps1'
[0.860s] INFO:colcon.colcon_core.shell:Creating package descriptor '/home/josh/robot_ws/src/open-source-autonomous-vehicle-controller/car_ros/install/articubot_one/share/articubot_one/package.dsv'
[0.861s] INFO:colcon.colcon_core.shell:Creating package script '/home/josh/robot_ws/src/open-source-autonomous-vehicle-controller/car_ros/install/articubot_one/share/articubot_one/package.sh'
[0.861s] INFO:colcon.colcon_core.shell:Creating package script '/home/josh/robot_ws/src/open-source-autonomous-vehicle-controller/car_ros/install/articubot_one/share/articubot_one/package.bash'
[0.862s] INFO:colcon.colcon_core.shell:Creating package script '/home/josh/robot_ws/src/open-source-autonomous-vehicle-controller/car_ros/install/articubot_one/share/articubot_one/package.zsh'
[0.863s] Level 1:colcon.colcon_core.environment:create_file_with_runtime_dependencies(/home/josh/robot_ws/src/open-source-autonomous-vehicle-controller/car_ros/install/articubot_one/share/colcon-core/packages/articubot_one)
[0.879s] Level 1:colcon.colcon_core.environment:create_environment_scripts_only(articubot_one)
[0.883s] Level 1:colcon.colcon_core.environment:checking '/home/josh/robot_ws/src/open-source-autonomous-vehicle-controller/car_ros/install/articubot_one' for CMake module files
[0.884s] Level 1:colcon.colcon_core.environment:checking '/home/josh/robot_ws/src/open-source-autonomous-vehicle-controller/car_ros/install/articubot_one' for CMake config files
[0.884s] Level 1:colcon.colcon_core.shell:create_environment_hook('articubot_one', 'cmake_prefix_path')
[0.887s] INFO:colcon.colcon_core.shell:Creating environment hook '/home/josh/robot_ws/src/open-source-autonomous-vehicle-controller/car_ros/install/articubot_one/share/articubot_one/hook/cmake_prefix_path.ps1'
[0.888s] INFO:colcon.colcon_core.shell:Creating environment descriptor '/home/josh/robot_ws/src/open-source-autonomous-vehicle-controller/car_ros/install/articubot_one/share/articubot_one/hook/cmake_prefix_path.dsv'
[0.888s] INFO:colcon.colcon_core.shell:Creating environment hook '/home/josh/robot_ws/src/open-source-autonomous-vehicle-controller/car_ros/install/articubot_one/share/articubot_one/hook/cmake_prefix_path.sh'
[0.889s] Level 1:colcon.colcon_core.environment:checking '/home/josh/robot_ws/src/open-source-autonomous-vehicle-controller/car_ros/install/articubot_one/bin'
[0.889s] Level 1:colcon.colcon_core.environment:checking '/home/josh/robot_ws/src/open-source-autonomous-vehicle-controller/car_ros/install/articubot_one/lib/pkgconfig/articubot_one.pc'
[0.889s] Level 1:colcon.colcon_core.environment:checking '/home/josh/robot_ws/src/open-source-autonomous-vehicle-controller/car_ros/install/articubot_one/lib/python3.8/site-packages'
[0.889s] Level 1:colcon.colcon_core.environment:checking '/home/josh/robot_ws/src/open-source-autonomous-vehicle-controller/car_ros/install/articubot_one/bin'
[0.893s] INFO:colcon.colcon_core.shell:Creating package script '/home/josh/robot_ws/src/open-source-autonomous-vehicle-controller/car_ros/install/articubot_one/share/articubot_one/package.ps1'
[0.893s] INFO:colcon.colcon_core.shell:Creating package descriptor '/home/josh/robot_ws/src/open-source-autonomous-vehicle-controller/car_ros/install/articubot_one/share/articubot_one/package.dsv'
[0.894s] INFO:colcon.colcon_core.shell:Creating package script '/home/josh/robot_ws/src/open-source-autonomous-vehicle-controller/car_ros/install/articubot_one/share/articubot_one/package.sh'
[0.894s] INFO:colcon.colcon_core.shell:Creating package script '/home/josh/robot_ws/src/open-source-autonomous-vehicle-controller/car_ros/install/articubot_one/share/articubot_one/package.bash'
[0.894s] INFO:colcon.colcon_core.shell:Creating package script '/home/josh/robot_ws/src/open-source-autonomous-vehicle-controller/car_ros/install/articubot_one/share/articubot_one/package.zsh'
[0.894s] Level 1:colcon.colcon_core.environment:create_file_with_runtime_dependencies(/home/josh/robot_ws/src/open-source-autonomous-vehicle-controller/car_ros/install/articubot_one/share/colcon-core/packages/articubot_one)
[0.895s] DEBUG:colcon.colcon_parallel_executor.executor.parallel:closing loop
[0.895s] DEBUG:colcon.colcon_parallel_executor.executor.parallel:loop closed
[0.896s] DEBUG:colcon.colcon_parallel_executor.executor.parallel:run_until_complete finished with '0'
[0.896s] DEBUG:colcon.colcon_core.event_reactor:joining thread
[0.975s] INFO:colcon.colcon_core.plugin_system:Skipping extension 'colcon_notification.desktop_notification.notify_send': Could not find 'notify-send'
[0.976s] INFO:colcon.colcon_core.plugin_system:Skipping extension 'colcon_notification.desktop_notification.terminal_notifier': Not used on non-Darwin systems
[0.976s] INFO:colcon.colcon_core.plugin_system:Skipping extension 'colcon_notification.desktop_notification.win32': Not used on non-Windows systems
[0.976s] INFO:colcon.colcon_notification.desktop_notification:Sending desktop notification using 'notify2'
[2.600s] DEBUG:colcon.colcon_notification.desktop_notification.notify2:Failed to initialize notify2: org.freedesktop.DBus.Error.ServiceUnknown: The name org.freedesktop.Notifications was not provided by any .service files
[2.601s] DEBUG:colcon.colcon_core.event_reactor:joined thread
[2.605s] INFO:colcon.colcon_core.shell:Creating prefix script '/home/josh/robot_ws/src/open-source-autonomous-vehicle-controller/car_ros/install/local_setup.ps1'
[2.606s] INFO:colcon.colcon_core.shell:Creating prefix util module '/home/josh/robot_ws/src/open-source-autonomous-vehicle-controller/car_ros/install/_local_setup_util_ps1.py'
[2.607s] INFO:colcon.colcon_core.shell:Creating prefix chain script '/home/josh/robot_ws/src/open-source-autonomous-vehicle-controller/car_ros/install/setup.ps1'
[2.611s] INFO:colcon.colcon_core.shell:Creating prefix script '/home/josh/robot_ws/src/open-source-autonomous-vehicle-controller/car_ros/install/local_setup.sh'
[2.612s] INFO:colcon.colcon_core.shell:Creating prefix util module '/home/josh/robot_ws/src/open-source-autonomous-vehicle-controller/car_ros/install/_local_setup_util_sh.py'
[2.612s] INFO:colcon.colcon_core.shell:Creating prefix chain script '/home/josh/robot_ws/src/open-source-autonomous-vehicle-controller/car_ros/install/setup.sh'
[2.616s] INFO:colcon.colcon_core.shell:Creating prefix script '/home/josh/robot_ws/src/open-source-autonomous-vehicle-controller/car_ros/install/local_setup.bash'
[2.616s] INFO:colcon.colcon_core.shell:Creating prefix chain script '/home/josh/robot_ws/src/open-source-autonomous-vehicle-controller/car_ros/install/setup.bash'
[2.619s] INFO:colcon.colcon_core.shell:Creating prefix script '/home/josh/robot_ws/src/open-source-autonomous-vehicle-controller/car_ros/install/local_setup.zsh'
[2.620s] INFO:colcon.colcon_core.shell:Creating prefix chain script '/home/josh/robot_ws/src/open-source-autonomous-vehicle-controller/car_ros/install/setup.zsh'
