[0.287s] DEBUG:colcon:Command line arguments: ['/usr/bin/colcon', 'build', '--symlink-install']
[0.287s] DEBUG:colcon:Parsed command line arguments: Namespace(allow_overriding=[], ament_cmake_args=None, base_paths=['.'], build_base='build', catkin_cmake_args=None, catkin_skip_building_tests=False, cmake_args=None, cmake_clean_cache=False, cmake_clean_first=False, cmake_force_configure=False, cmake_target=None, cmake_target_skip_unavailable=False, continue_on_error=False, event_handlers=None, executor='parallel', ignore_user_meta=False, install_base='install', log_base=None, log_level=None, main=<bound method BuildVerb.main of <colcon_core.verb.build.BuildVerb object at 0x7f93087e9100>>, merge_install=False, metas=['./colcon.meta'], packages_above=None, packages_above_and_dependencies=None, packages_above_depth=None, packages_end=None, packages_ignore=None, packages_ignore_regex=None, packages_select=None, packages_select_build_failed=False, packages_select_by_dep=None, packages_select_regex=None, packages_select_test_failures=False, packages_skip=None, packages_skip_build_finished=False, packages_skip_by_dep=None, packages_skip_regex=None, packages_skip_test_passed=False, packages_skip_up_to=None, packages_start=None, packages_up_to=None, packages_up_to_regex=None, parallel_workers=12, paths=None, symlink_install=True, test_result_base=None, verb_extension=<colcon_core.verb.build.BuildVerb object at 0x7f93087e9100>, verb_name='build', verb_parser=<colcon_defaults.argument_parser.defaults.DefaultArgumentsDecorator object at 0x7f93087e9640>)
[0.312s] Level 1:colcon.colcon_core.package_discovery:discover_packages(colcon_meta) check parameters
[0.312s] Level 1:colcon.colcon_core.package_discovery:discover_packages(recursive) check parameters
[0.312s] Level 1:colcon.colcon_core.package_discovery:discover_packages(ignore) check parameters
[0.312s] Level 1:colcon.colcon_core.package_discovery:discover_packages(path) check parameters
[0.312s] Level 1:colcon.colcon_core.package_discovery:discover_packages(colcon_meta) discover
[0.312s] Level 1:colcon.colcon_core.package_discovery:discover_packages(recursive) discover
[0.312s] INFO:colcon.colcon_core.package_discovery:Crawling recursively for packages in '/home/josh/robot_ws/src/open-source-autonomous-vehicle-controller/articubot_one'
[0.312s] Level 1:colcon.colcon_core.package_identification:_identify(.) by extensions ['ignore', 'ignore_ament_install']
[0.312s] Level 1:colcon.colcon_core.package_identification:_identify(.) by extension 'ignore'
[0.312s] Level 1:colcon.colcon_core.package_identification:_identify(.) by extension 'ignore_ament_install'
[0.312s] Level 1:colcon.colcon_core.package_identification:_identify(.) by extensions ['colcon_pkg']
[0.312s] Level 1:colcon.colcon_core.package_identification:_identify(.) by extension 'colcon_pkg'
[0.312s] Level 1:colcon.colcon_core.package_identification:_identify(.) by extensions ['colcon_meta']
[0.312s] Level 1:colcon.colcon_core.package_identification:_identify(.) by extension 'colcon_meta'
[0.312s] Level 1:colcon.colcon_core.package_identification:_identify(.) by extensions ['ros']
[0.312s] Level 1:colcon.colcon_core.package_identification:_identify(.) by extension 'ros'
[0.328s] DEBUG:colcon.colcon_core.package_identification:Package '.' with type 'ros.ament_cmake' and name 'articubot_one'
[0.328s] Level 1:colcon.colcon_core.package_discovery:discover_packages(recursive) using defaults
[0.328s] Level 1:colcon.colcon_core.package_discovery:discover_packages(ignore) discover
[0.328s] Level 1:colcon.colcon_core.package_discovery:discover_packages(ignore) using defaults
[0.328s] Level 1:colcon.colcon_core.package_discovery:discover_packages(path) discover
[0.328s] Level 1:colcon.colcon_core.package_discovery:discover_packages(path) using defaults
[0.351s] Level 1:colcon.colcon_core.package_discovery:discover_packages(prefix_path) check parameters
[0.351s] Level 1:colcon.colcon_core.package_discovery:discover_packages(prefix_path) discover
[0.354s] WARNING:colcon.colcon_core.prefix_path.colcon:The path '/home/josh/robot_ws/src/open-source-autonomous-vehicle-controller/car_ros/install' in the environment variable COLCON_PREFIX_PATH doesn't exist
[0.354s] WARNING:colcon.colcon_core.prefix_path.colcon:The path '/home/josh/robot_ws/src/open-source-autonomous-vehicle-controller/car_ros/src/articubot_one/install' in the environment variable COLCON_PREFIX_PATH doesn't exist
[0.354s] WARNING:colcon.colcon_ros.prefix_path.ament:The path '/home/josh/robot_ws/src/open-source-autonomous-vehicle-controller/car_ros/install/my_bot' in the environment variable AMENT_PREFIX_PATH doesn't exist
[0.354s] WARNING:colcon.colcon_ros.prefix_path.ament:The path '/home/josh/robot_ws/src/open-source-autonomous-vehicle-controller/car_ros/src/articubot_one/install/my_bot' in the environment variable AMENT_PREFIX_PATH doesn't exist
[0.354s] WARNING:colcon.colcon_ros.prefix_path.catkin:The path '/home/josh/robot_ws/src/open-source-autonomous-vehicle-controller/car_ros/install/my_bot' in the environment variable CMAKE_PREFIX_PATH doesn't exist
[0.354s] WARNING:colcon.colcon_ros.prefix_path.catkin:The path '/home/josh/robot_ws/src/open-source-autonomous-vehicle-controller/car_ros/src/articubot_one/install/my_bot' in the environment variable CMAKE_PREFIX_PATH doesn't exist
[0.357s] DEBUG:colcon.colcon_installed_package_information.package_discovery:Found 1 installed packages in /home/josh/robot_ws/install
[0.360s] DEBUG:colcon.colcon_installed_package_information.package_discovery:Found 259 installed packages in /opt/ros/foxy
[0.361s] Level 1:colcon.colcon_core.package_discovery:discover_packages(prefix_path) using defaults
[0.411s] Level 5:colcon.colcon_core.verb:set package 'articubot_one' build argument 'cmake_args' from command line to 'None'
[0.411s] Level 5:colcon.colcon_core.verb:set package 'articubot_one' build argument 'cmake_target' from command line to 'None'
[0.411s] Level 5:colcon.colcon_core.verb:set package 'articubot_one' build argument 'cmake_target_skip_unavailable' from command line to 'False'
[0.411s] Level 5:colcon.colcon_core.verb:set package 'articubot_one' build argument 'cmake_clean_cache' from command line to 'False'
[0.411s] Level 5:colcon.colcon_core.verb:set package 'articubot_one' build argument 'cmake_clean_first' from command line to 'False'
[0.411s] Level 5:colcon.colcon_core.verb:set package 'articubot_one' build argument 'cmake_force_configure' from command line to 'False'
[0.411s] Level 5:colcon.colcon_core.verb:set package 'articubot_one' build argument 'ament_cmake_args' from command line to 'None'
[0.411s] Level 5:colcon.colcon_core.verb:set package 'articubot_one' build argument 'catkin_cmake_args' from command line to 'None'
[0.411s] Level 5:colcon.colcon_core.verb:set package 'articubot_one' build argument 'catkin_skip_building_tests' from command line to 'False'
[0.411s] DEBUG:colcon.colcon_core.verb:Building package 'articubot_one' with the following arguments: {'ament_cmake_args': None, 'build_base': '/home/josh/robot_ws/src/open-source-autonomous-vehicle-controller/articubot_one/build/articubot_one', 'catkin_cmake_args': None, 'catkin_skip_building_tests': False, 'cmake_args': None, 'cmake_clean_cache': False, 'cmake_clean_first': False, 'cmake_force_configure': False, 'cmake_target': None, 'cmake_target_skip_unavailable': False, 'install_base': '/home/josh/robot_ws/src/open-source-autonomous-vehicle-controller/articubot_one/install/articubot_one', 'merge_install': False, 'path': '/home/josh/robot_ws/src/open-source-autonomous-vehicle-controller/articubot_one', 'symlink_install': True, 'test_result_base': None}
[0.412s] INFO:colcon.colcon_core.executor:Executing jobs using 'parallel' executor
[0.420s] DEBUG:colcon.colcon_parallel_executor.executor.parallel:run_until_complete
[0.421s] INFO:colcon.colcon_ros.task.ament_cmake.build:Building ROS package in '/home/josh/robot_ws/src/open-source-autonomous-vehicle-controller/articubot_one' with build type 'ament_cmake'
[0.421s] INFO:colcon.colcon_cmake.task.cmake.build:Building CMake package in '/home/josh/robot_ws/src/open-source-autonomous-vehicle-controller/articubot_one'
[0.427s] INFO:colcon.colcon_core.plugin_system:Skipping extension 'colcon_core.shell.bat': Not used on non-Windows systems
[0.427s] INFO:colcon.colcon_core.shell:Skip shell extension 'powershell' for command environment: Not usable outside of PowerShell
[0.427s] DEBUG:colcon.colcon_core.shell:Skip shell extension 'dsv' for command environment
[0.441s] DEBUG:colcon.colcon_core.event_handler.log_command:Invoking command in '/home/josh/robot_ws/src/open-source-autonomous-vehicle-controller/articubot_one/build/articubot_one': CMAKE_PREFIX_PATH=${CMAKE_PREFIX_PATH}:/opt/ros/foxy /usr/bin/cmake /home/josh/robot_ws/src/open-source-autonomous-vehicle-controller/articubot_one -DAMENT_CMAKE_SYMLINK_INSTALL=1 -DCMAKE_INSTALL_PREFIX=/home/josh/robot_ws/src/open-source-autonomous-vehicle-controller/articubot_one/install/articubot_one
[1.627s] DEBUG:colcon.colcon_core.event_handler.log_command:Invoked command in '/home/josh/robot_ws/src/open-source-autonomous-vehicle-controller/articubot_one/build/articubot_one' returned '0': CMAKE_PREFIX_PATH=${CMAKE_PREFIX_PATH}:/opt/ros/foxy /usr/bin/cmake /home/josh/robot_ws/src/open-source-autonomous-vehicle-controller/articubot_one -DAMENT_CMAKE_SYMLINK_INSTALL=1 -DCMAKE_INSTALL_PREFIX=/home/josh/robot_ws/src/open-source-autonomous-vehicle-controller/articubot_one/install/articubot_one
[1.630s] DEBUG:colcon.colcon_core.event_handler.log_command:Invoking command in '/home/josh/robot_ws/src/open-source-autonomous-vehicle-controller/articubot_one/build/articubot_one': CMAKE_PREFIX_PATH=${CMAKE_PREFIX_PATH}:/opt/ros/foxy /usr/bin/cmake --build /home/josh/robot_ws/src/open-source-autonomous-vehicle-controller/articubot_one/build/articubot_one -- -j12 -l12
[1.650s] DEBUG:colcon.colcon_core.event_handler.log_command:Invoked command in '/home/josh/robot_ws/src/open-source-autonomous-vehicle-controller/articubot_one/build/articubot_one' returned '0': CMAKE_PREFIX_PATH=${CMAKE_PREFIX_PATH}:/opt/ros/foxy /usr/bin/cmake --build /home/josh/robot_ws/src/open-source-autonomous-vehicle-controller/articubot_one/build/articubot_one -- -j12 -l12
[1.670s] DEBUG:colcon.colcon_core.event_handler.log_command:Invoking command in '/home/josh/robot_ws/src/open-source-autonomous-vehicle-controller/articubot_one/build/articubot_one': CMAKE_PREFIX_PATH=${CMAKE_PREFIX_PATH}:/opt/ros/foxy /usr/bin/cmake --install /home/josh/robot_ws/src/open-source-autonomous-vehicle-controller/articubot_one/build/articubot_one
[1.775s] Level 1:colcon.colcon_core.environment:create_environment_scripts_only(articubot_one)
[1.777s] DEBUG:colcon.colcon_core.event_handler.log_command:Invoked command in '/home/josh/robot_ws/src/open-source-autonomous-vehicle-controller/articubot_one/build/articubot_one' returned '0': CMAKE_PREFIX_PATH=${CMAKE_PREFIX_PATH}:/opt/ros/foxy /usr/bin/cmake --install /home/josh/robot_ws/src/open-source-autonomous-vehicle-controller/articubot_one/build/articubot_one
[1.782s] Level 1:colcon.colcon_core.environment:checking '/home/josh/robot_ws/src/open-source-autonomous-vehicle-controller/articubot_one/install/articubot_one' for CMake module files
[1.782s] Level 1:colcon.colcon_core.environment:checking '/home/josh/robot_ws/src/open-source-autonomous-vehicle-controller/articubot_one/install/articubot_one' for CMake config files
[1.782s] Level 1:colcon.colcon_core.shell:create_environment_hook('articubot_one', 'cmake_prefix_path')
[1.786s] INFO:colcon.colcon_core.shell:Creating environment hook '/home/josh/robot_ws/src/open-source-autonomous-vehicle-controller/articubot_one/install/articubot_one/share/articubot_one/hook/cmake_prefix_path.ps1'
[1.787s] INFO:colcon.colcon_core.shell:Creating environment descriptor '/home/josh/robot_ws/src/open-source-autonomous-vehicle-controller/articubot_one/install/articubot_one/share/articubot_one/hook/cmake_prefix_path.dsv'
[1.787s] INFO:colcon.colcon_core.shell:Creating environment hook '/home/josh/robot_ws/src/open-source-autonomous-vehicle-controller/articubot_one/install/articubot_one/share/articubot_one/hook/cmake_prefix_path.sh'
[1.788s] Level 1:colcon.colcon_core.environment:checking '/home/josh/robot_ws/src/open-source-autonomous-vehicle-controller/articubot_one/install/articubot_one/bin'
[1.788s] Level 1:colcon.colcon_core.environment:checking '/home/josh/robot_ws/src/open-source-autonomous-vehicle-controller/articubot_one/install/articubot_one/lib/pkgconfig/articubot_one.pc'
[1.788s] Level 1:colcon.colcon_core.environment:checking '/home/josh/robot_ws/src/open-source-autonomous-vehicle-controller/articubot_one/install/articubot_one/lib/python3.8/site-packages'
[1.788s] Level 1:colcon.colcon_core.environment:checking '/home/josh/robot_ws/src/open-source-autonomous-vehicle-controller/articubot_one/install/articubot_one/bin'
[1.791s] INFO:colcon.colcon_core.shell:Creating package script '/home/josh/robot_ws/src/open-source-autonomous-vehicle-controller/articubot_one/install/articubot_one/share/articubot_one/package.ps1'
[1.792s] INFO:colcon.colcon_core.shell:Creating package descriptor '/home/josh/robot_ws/src/open-source-autonomous-vehicle-controller/articubot_one/install/articubot_one/share/articubot_one/package.dsv'
[1.792s] INFO:colcon.colcon_core.shell:Creating package script '/home/josh/robot_ws/src/open-source-autonomous-vehicle-controller/articubot_one/install/articubot_one/share/articubot_one/package.sh'
[1.793s] INFO:colcon.colcon_core.shell:Creating package script '/home/josh/robot_ws/src/open-source-autonomous-vehicle-controller/articubot_one/install/articubot_one/share/articubot_one/package.bash'
[1.793s] INFO:colcon.colcon_core.shell:Creating package script '/home/josh/robot_ws/src/open-source-autonomous-vehicle-controller/articubot_one/install/articubot_one/share/articubot_one/package.zsh'
[1.794s] Level 1:colcon.colcon_core.environment:create_file_with_runtime_dependencies(/home/josh/robot_ws/src/open-source-autonomous-vehicle-controller/articubot_one/install/articubot_one/share/colcon-core/packages/articubot_one)
[1.809s] Level 1:colcon.colcon_core.environment:create_environment_scripts_only(articubot_one)
[1.813s] Level 1:colcon.colcon_core.environment:checking '/home/josh/robot_ws/src/open-source-autonomous-vehicle-controller/articubot_one/install/articubot_one' for CMake module files
[1.814s] Level 1:colcon.colcon_core.environment:checking '/home/josh/robot_ws/src/open-source-autonomous-vehicle-controller/articubot_one/install/articubot_one' for CMake config files
[1.814s] Level 1:colcon.colcon_core.shell:create_environment_hook('articubot_one', 'cmake_prefix_path')
[1.818s] INFO:colcon.colcon_core.shell:Creating environment hook '/home/josh/robot_ws/src/open-source-autonomous-vehicle-controller/articubot_one/install/articubot_one/share/articubot_one/hook/cmake_prefix_path.ps1'
[1.818s] INFO:colcon.colcon_core.shell:Creating environment descriptor '/home/josh/robot_ws/src/open-source-autonomous-vehicle-controller/articubot_one/install/articubot_one/share/articubot_one/hook/cmake_prefix_path.dsv'
[1.818s] INFO:colcon.colcon_core.shell:Creating environment hook '/home/josh/robot_ws/src/open-source-autonomous-vehicle-controller/articubot_one/install/articubot_one/share/articubot_one/hook/cmake_prefix_path.sh'
[1.818s] Level 1:colcon.colcon_core.environment:checking '/home/josh/robot_ws/src/open-source-autonomous-vehicle-controller/articubot_one/install/articubot_one/bin'
[1.818s] Level 1:colcon.colcon_core.environment:checking '/home/josh/robot_ws/src/open-source-autonomous-vehicle-controller/articubot_one/install/articubot_one/lib/pkgconfig/articubot_one.pc'
[1.819s] Level 1:colcon.colcon_core.environment:checking '/home/josh/robot_ws/src/open-source-autonomous-vehicle-controller/articubot_one/install/articubot_one/lib/python3.8/site-packages'
[1.819s] Level 1:colcon.colcon_core.environment:checking '/home/josh/robot_ws/src/open-source-autonomous-vehicle-controller/articubot_one/install/articubot_one/bin'
[1.822s] INFO:colcon.colcon_core.shell:Creating package script '/home/josh/robot_ws/src/open-source-autonomous-vehicle-controller/articubot_one/install/articubot_one/share/articubot_one/package.ps1'
[1.823s] INFO:colcon.colcon_core.shell:Creating package descriptor '/home/josh/robot_ws/src/open-source-autonomous-vehicle-controller/articubot_one/install/articubot_one/share/articubot_one/package.dsv'
[1.823s] INFO:colcon.colcon_core.shell:Creating package script '/home/josh/robot_ws/src/open-source-autonomous-vehicle-controller/articubot_one/install/articubot_one/share/articubot_one/package.sh'
[1.824s] INFO:colcon.colcon_core.shell:Creating package script '/home/josh/robot_ws/src/open-source-autonomous-vehicle-controller/articubot_one/install/articubot_one/share/articubot_one/package.bash'
[1.824s] INFO:colcon.colcon_core.shell:Creating package script '/home/josh/robot_ws/src/open-source-autonomous-vehicle-controller/articubot_one/install/articubot_one/share/articubot_one/package.zsh'
[1.824s] Level 1:colcon.colcon_core.environment:create_file_with_runtime_dependencies(/home/josh/robot_ws/src/open-source-autonomous-vehicle-controller/articubot_one/install/articubot_one/share/colcon-core/packages/articubot_one)
[1.824s] DEBUG:colcon.colcon_parallel_executor.executor.parallel:closing loop
[1.825s] DEBUG:colcon.colcon_parallel_executor.executor.parallel:loop closed
[1.825s] DEBUG:colcon.colcon_parallel_executor.executor.parallel:run_until_complete finished with '0'
[1.825s] DEBUG:colcon.colcon_core.event_reactor:joining thread
[1.860s] INFO:colcon.colcon_core.plugin_system:Skipping extension 'colcon_notification.desktop_notification.notify_send': Could not find 'notify-send'
[1.860s] INFO:colcon.colcon_core.plugin_system:Skipping extension 'colcon_notification.desktop_notification.terminal_notifier': Not used on non-Darwin systems
[1.860s] INFO:colcon.colcon_core.plugin_system:Skipping extension 'colcon_notification.desktop_notification.win32': Not used on non-Windows systems
[1.860s] INFO:colcon.colcon_notification.desktop_notification:Sending desktop notification using 'notify2'
[1.865s] DEBUG:colcon.colcon_notification.desktop_notification.notify2:Failed to initialize notify2: org.freedesktop.DBus.Error.ServiceUnknown: The name org.freedesktop.Notifications was not provided by any .service files
[1.865s] DEBUG:colcon.colcon_core.event_reactor:joined thread
[1.869s] INFO:colcon.colcon_core.shell:Creating prefix script '/home/josh/robot_ws/src/open-source-autonomous-vehicle-controller/articubot_one/install/local_setup.ps1'
[1.870s] INFO:colcon.colcon_core.shell:Creating prefix util module '/home/josh/robot_ws/src/open-source-autonomous-vehicle-controller/articubot_one/install/_local_setup_util_ps1.py'
[1.871s] INFO:colcon.colcon_core.shell:Creating prefix chain script '/home/josh/robot_ws/src/open-source-autonomous-vehicle-controller/articubot_one/install/setup.ps1'
[1.874s] INFO:colcon.colcon_core.shell:Creating prefix script '/home/josh/robot_ws/src/open-source-autonomous-vehicle-controller/articubot_one/install/local_setup.sh'
[1.874s] INFO:colcon.colcon_core.shell:Creating prefix util module '/home/josh/robot_ws/src/open-source-autonomous-vehicle-controller/articubot_one/install/_local_setup_util_sh.py'
[1.874s] INFO:colcon.colcon_core.shell:Creating prefix chain script '/home/josh/robot_ws/src/open-source-autonomous-vehicle-controller/articubot_one/install/setup.sh'
[1.878s] INFO:colcon.colcon_core.shell:Creating prefix script '/home/josh/robot_ws/src/open-source-autonomous-vehicle-controller/articubot_one/install/local_setup.bash'
[1.878s] INFO:colcon.colcon_core.shell:Creating prefix chain script '/home/josh/robot_ws/src/open-source-autonomous-vehicle-controller/articubot_one/install/setup.bash'
[1.881s] INFO:colcon.colcon_core.shell:Creating prefix script '/home/josh/robot_ws/src/open-source-autonomous-vehicle-controller/articubot_one/install/local_setup.zsh'
[1.881s] INFO:colcon.colcon_core.shell:Creating prefix chain script '/home/josh/robot_ws/src/open-source-autonomous-vehicle-controller/articubot_one/install/setup.zsh'
