[0.018s] Invoking command in '/home/josh/robot_ws/src/open-source-autonomous-vehicle-controller/articubot_one/build/articubot_one': CMAKE_PREFIX_PATH=${CMAKE_PREFIX_PATH}:/opt/ros/foxy /usr/bin/cmake /home/josh/robot_ws/src/open-source-autonomous-vehicle-controller/articubot_one -DAMENT_CMAKE_SYMLINK_INSTALL=1 -DCMAKE_INSTALL_PREFIX=/home/josh/robot_ws/src/open-source-autonomous-vehicle-controller/articubot_one/install/articubot_one
[0.172s] -- The C compiler identification is GNU 8.4.0
[0.392s] -- The CXX compiler identification is GNU 8.4.0
[0.504s] -- Check for working C compiler: /usr/bin/cc
[0.619s] -- Check for working C compiler: /usr/bin/cc -- works
[0.619s] -- Detecting C compiler ABI info
[0.727s] -- Detecting C compiler ABI info - done
[0.735s] -- Detecting C compile features
[0.735s] -- Detecting C compile features - done
[0.737s] -- Check for working CXX compiler: /usr/bin/c++
[0.856s] -- Check for working CXX compiler: /usr/bin/c++ -- works
[0.857s] -- Detecting CXX compiler ABI info
[0.977s] -- Detecting CXX compiler ABI info - done
[0.985s] -- Detecting CXX compile features
[0.985s] -- Detecting CXX compile features - done
[0.986s] -- Found ament_cmake: 0.9.9 (/opt/ros/foxy/share/ament_cmake/cmake)
[1.002s] -- Found PythonInterp: /usr/bin/python3 (found suitable version "3.8.10", minimum required is "3") 
[1.002s] -- Using PYTHON_EXECUTABLE: /usr/bin/python3
[1.113s] -- Override CMake install command with custom implementation using symlinks instead of copying resources
[1.127s] -- Found ament_lint_auto: 0.9.6 (/opt/ros/foxy/share/ament_lint_auto/cmake)
[1.186s] -- Added test 'copyright' to check source files copyright and LICENSE
[1.188s] -- Added test 'cppcheck' to perform static code analysis on C / C++ code
[1.188s] -- Configured cppcheck include dirs: 
[1.189s] -- Configured cppcheck exclude dirs and/or files: 
[1.192s] -- Added test 'cpplint' to check C / C++ code against the Google style
[1.192s] -- Configured cpplint exclude dirs and/or files: 
[1.193s] -- Added test 'flake8' to check Python code syntax and style conventions
[1.194s] -- Added test 'lint_cmake' to check CMake code style
[1.194s] -- Added test 'pep257' to check Python code against some of the style conventions in PEP 257
[1.197s] -- Added test 'uncrustify' to check C / C++ code style
[1.197s] -- Configured uncrustify additional arguments: 
[1.198s] -- Added test 'xmllint' to check XML markup files
[1.199s] -- Configuring done
[1.201s] -- Generating done
[1.202s] -- Build files have been written to: /home/josh/robot_ws/src/open-source-autonomous-vehicle-controller/articubot_one/build/articubot_one
[1.205s] Invoked command in '/home/josh/robot_ws/src/open-source-autonomous-vehicle-controller/articubot_one/build/articubot_one' returned '0': CMAKE_PREFIX_PATH=${CMAKE_PREFIX_PATH}:/opt/ros/foxy /usr/bin/cmake /home/josh/robot_ws/src/open-source-autonomous-vehicle-controller/articubot_one -DAMENT_CMAKE_SYMLINK_INSTALL=1 -DCMAKE_INSTALL_PREFIX=/home/josh/robot_ws/src/open-source-autonomous-vehicle-controller/articubot_one/install/articubot_one
[1.207s] Invoking command in '/home/josh/robot_ws/src/open-source-autonomous-vehicle-controller/articubot_one/build/articubot_one': CMAKE_PREFIX_PATH=${CMAKE_PREFIX_PATH}:/opt/ros/foxy /usr/bin/cmake --build /home/josh/robot_ws/src/open-source-autonomous-vehicle-controller/articubot_one/build/articubot_one -- -j12 -l12
[1.228s] Invoked command in '/home/josh/robot_ws/src/open-source-autonomous-vehicle-controller/articubot_one/build/articubot_one' returned '0': CMAKE_PREFIX_PATH=${CMAKE_PREFIX_PATH}:/opt/ros/foxy /usr/bin/cmake --build /home/josh/robot_ws/src/open-source-autonomous-vehicle-controller/articubot_one/build/articubot_one -- -j12 -l12
[1.247s] Invoking command in '/home/josh/robot_ws/src/open-source-autonomous-vehicle-controller/articubot_one/build/articubot_one': CMAKE_PREFIX_PATH=${CMAKE_PREFIX_PATH}:/opt/ros/foxy /usr/bin/cmake --install /home/josh/robot_ws/src/open-source-autonomous-vehicle-controller/articubot_one/build/articubot_one
[1.251s] -- Install configuration: ""
[1.252s] -- Execute custom install script
[1.252s] -- Symlinking: /home/josh/robot_ws/src/open-source-autonomous-vehicle-controller/articubot_one/install/articubot_one/share/articubot_one/config/empty.yaml
[1.259s] -- Symlinking: /home/josh/robot_ws/src/open-source-autonomous-vehicle-controller/articubot_one/install/articubot_one/share/articubot_one/description/robot.urdf.xacro
[1.264s] -- Symlinking: /home/josh/robot_ws/src/open-source-autonomous-vehicle-controller/articubot_one/install/articubot_one/share/articubot_one/launch/rsp.launch.py
[1.269s] -- Symlinking: /home/josh/robot_ws/src/open-source-autonomous-vehicle-controller/articubot_one/install/articubot_one/share/articubot_one/worlds/empty.world
[1.274s] -- Symlinking: /home/josh/robot_ws/src/open-source-autonomous-vehicle-controller/articubot_one/install/articubot_one/share/ament_index/resource_index/package_run_dependencies/articubot_one
[1.279s] -- Symlinking: /home/josh/robot_ws/src/open-source-autonomous-vehicle-controller/articubot_one/install/articubot_one/share/ament_index/resource_index/parent_prefix_path/articubot_one
[1.284s] -- Symlinking: /home/josh/robot_ws/src/open-source-autonomous-vehicle-controller/articubot_one/install/articubot_one/share/articubot_one/environment/ament_prefix_path.sh
[1.288s] -- Symlinking: /home/josh/robot_ws/src/open-source-autonomous-vehicle-controller/articubot_one/install/articubot_one/share/articubot_one/environment/ament_prefix_path.dsv
[1.293s] -- Symlinking: /home/josh/robot_ws/src/open-source-autonomous-vehicle-controller/articubot_one/install/articubot_one/share/articubot_one/environment/path.sh
[1.298s] -- Symlinking: /home/josh/robot_ws/src/open-source-autonomous-vehicle-controller/articubot_one/install/articubot_one/share/articubot_one/environment/path.dsv
[1.304s] -- Symlinking: /home/josh/robot_ws/src/open-source-autonomous-vehicle-controller/articubot_one/install/articubot_one/share/articubot_one/local_setup.bash
[1.310s] -- Symlinking: /home/josh/robot_ws/src/open-source-autonomous-vehicle-controller/articubot_one/install/articubot_one/share/articubot_one/local_setup.sh
[1.315s] -- Symlinking: /home/josh/robot_ws/src/open-source-autonomous-vehicle-controller/articubot_one/install/articubot_one/share/articubot_one/local_setup.zsh
[1.320s] -- Symlinking: /home/josh/robot_ws/src/open-source-autonomous-vehicle-controller/articubot_one/install/articubot_one/share/articubot_one/local_setup.dsv
[1.325s] -- Symlinking: /home/josh/robot_ws/src/open-source-autonomous-vehicle-controller/articubot_one/install/articubot_one/share/articubot_one/package.dsv
[1.330s] -- Symlinking: /home/josh/robot_ws/src/open-source-autonomous-vehicle-controller/articubot_one/install/articubot_one/share/ament_index/resource_index/packages/articubot_one
[1.336s] -- Symlinking: /home/josh/robot_ws/src/open-source-autonomous-vehicle-controller/articubot_one/install/articubot_one/share/articubot_one/cmake/articubot_oneConfig.cmake
[1.341s] -- Symlinking: /home/josh/robot_ws/src/open-source-autonomous-vehicle-controller/articubot_one/install/articubot_one/share/articubot_one/cmake/articubot_oneConfig-version.cmake
[1.346s] -- Symlinking: /home/josh/robot_ws/src/open-source-autonomous-vehicle-controller/articubot_one/install/articubot_one/share/articubot_one/package.xml
[1.354s] Invoked command in '/home/josh/robot_ws/src/open-source-autonomous-vehicle-controller/articubot_one/build/articubot_one' returned '0': CMAKE_PREFIX_PATH=${CMAKE_PREFIX_PATH}:/opt/ros/foxy /usr/bin/cmake --install /home/josh/robot_ws/src/open-source-autonomous-vehicle-controller/articubot_one/build/articubot_one
