-- Install configuration: ""
-- Execute custom install script
-- Symlinking: /home/josh/robot_ws/src/open-source-autonomous-vehicle-controller/car_ros/install/articubot_one/share/articubot_one/config/empty.yaml
-- Symlinking: /home/josh/robot_ws/src/open-source-autonomous-vehicle-controller/car_ros/install/articubot_one/share/articubot_one/description/robot.urdf.xacro
-- Symlinking: /home/josh/robot_ws/src/open-source-autonomous-vehicle-controller/car_ros/install/articubot_one/share/articubot_one/launch/rsp.launch.py
-- Symlinking: /home/josh/robot_ws/src/open-source-autonomous-vehicle-controller/car_ros/install/articubot_one/share/articubot_one/worlds/empty.world
-- Symlinking: /home/josh/robot_ws/src/open-source-autonomous-vehicle-controller/car_ros/install/articubot_one/share/ament_index/resource_index/package_run_dependencies/articubot_one
-- Symlinking: /home/josh/robot_ws/src/open-source-autonomous-vehicle-controller/car_ros/install/articubot_one/share/ament_index/resource_index/parent_prefix_path/articubot_one
-- Symlinking: /home/josh/robot_ws/src/open-source-autonomous-vehicle-controller/car_ros/install/articubot_one/share/articubot_one/environment/ament_prefix_path.sh
-- Symlinking: /home/josh/robot_ws/src/open-source-autonomous-vehicle-controller/car_ros/install/articubot_one/share/articubot_one/environment/ament_prefix_path.dsv
-- Symlinking: /home/josh/robot_ws/src/open-source-autonomous-vehicle-controller/car_ros/install/articubot_one/share/articubot_one/environment/path.sh
-- Symlinking: /home/josh/robot_ws/src/open-source-autonomous-vehicle-controller/car_ros/install/articubot_one/share/articubot_one/environment/path.dsv
-- Symlinking: /home/josh/robot_ws/src/open-source-autonomous-vehicle-controller/car_ros/install/articubot_one/share/articubot_one/local_setup.bash
-- Symlinking: /home/josh/robot_ws/src/open-source-autonomous-vehicle-controller/car_ros/install/articubot_one/share/articubot_one/local_setup.sh
-- Symlinking: /home/josh/robot_ws/src/open-source-autonomous-vehicle-controller/car_ros/install/articubot_one/share/articubot_one/local_setup.zsh
-- Symlinking: /home/josh/robot_ws/src/open-source-autonomous-vehicle-controller/car_ros/install/articubot_one/share/articubot_one/local_setup.dsv
-- Symlinking: /home/josh/robot_ws/src/open-source-autonomous-vehicle-controller/car_ros/install/articubot_one/share/articubot_one/package.dsv
-- Symlinking: /home/josh/robot_ws/src/open-source-autonomous-vehicle-controller/car_ros/install/articubot_one/share/ament_index/resource_index/packages/articubot_one
-- Symlinking: /home/josh/robot_ws/src/open-source-autonomous-vehicle-controller/car_ros/install/articubot_one/share/articubot_one/cmake/articubot_oneConfig.cmake
-- Symlinking: /home/josh/robot_ws/src/open-source-autonomous-vehicle-controller/car_ros/install/articubot_one/share/articubot_one/cmake/articubot_oneConfig-version.cmake
-- Symlinking: /home/josh/robot_ws/src/open-source-autonomous-vehicle-controller/car_ros/install/articubot_one/share/articubot_one/package.xml
