[0.029s] Invoking command in '/home/josh/robot_ws/src/open-source-autonomous-vehicle-controller/car_ros/build/articubot_one': CMAKE_PREFIX_PATH=${CMAKE_PREFIX_PATH}:/opt/ros/foxy /usr/bin/cmake --build /home/josh/robot_ws/src/open-source-autonomous-vehicle-controller/car_ros/build/articubot_one -- -j12 -l12
[0.058s] -- Found ament_cmake: 0.9.9 (/opt/ros/foxy/share/ament_cmake/cmake)
[0.080s] -- Using PYTHON_EXECUTABLE: /usr/bin/python3
[0.242s] -- Override CMake install command with custom implementation using symlinks instead of copying resources
[0.260s] -- Found ament_lint_auto: 0.9.6 (/opt/ros/foxy/share/ament_lint_auto/cmake)
[0.334s] -- Added test 'copyright' to check source files copyright and LICENSE
[0.343s] -- Added test 'cppcheck' to perform static code analysis on C / C++ code
[0.344s] -- Configured cppcheck include dirs: 
[0.344s] -- Configured cppcheck exclude dirs and/or files: 
[0.352s] -- Added test 'cpplint' to check C / C++ code against the Google style
[0.352s] -- Configured cpplint exclude dirs and/or files: 
[0.353s] -- Added test 'flake8' to check Python code syntax and style conventions
[0.355s] -- Added test 'lint_cmake' to check CMake code style
[0.357s] -- Added test 'pep257' to check Python code against some of the style conventions in PEP 257
[0.364s] -- Added test 'uncrustify' to check C / C++ code style
[0.364s] -- Configured uncrustify additional arguments: 
[0.366s] -- Added test 'xmllint' to check XML markup files
[0.368s] -- Configuring done
[0.373s] -- Generating done
[0.374s] -- Build files have been written to: /home/josh/robot_ws/src/open-source-autonomous-vehicle-controller/car_ros/build/articubot_one
[0.388s] Invoked command in '/home/josh/robot_ws/src/open-source-autonomous-vehicle-controller/car_ros/build/articubot_one' returned '0': CMAKE_PREFIX_PATH=${CMAKE_PREFIX_PATH}:/opt/ros/foxy /usr/bin/cmake --build /home/josh/robot_ws/src/open-source-autonomous-vehicle-controller/car_ros/build/articubot_one -- -j12 -l12
[0.407s] Invoking command in '/home/josh/robot_ws/src/open-source-autonomous-vehicle-controller/car_ros/build/articubot_one': CMAKE_PREFIX_PATH=${CMAKE_PREFIX_PATH}:/opt/ros/foxy /usr/bin/cmake --install /home/josh/robot_ws/src/open-source-autonomous-vehicle-controller/car_ros/build/articubot_one
[0.412s] -- Install configuration: ""
[0.412s] -- Execute custom install script
[0.412s] -- Up-to-date symlink: /home/josh/robot_ws/src/open-source-autonomous-vehicle-controller/car_ros/install/articubot_one/share/articubot_one/config/drive_bot.rviz
[0.413s] -- Up-to-date symlink: /home/josh/robot_ws/src/open-source-autonomous-vehicle-controller/car_ros/install/articubot_one/share/articubot_one/config/empty.yaml
[0.413s] -- Up-to-date symlink: /home/josh/robot_ws/src/open-source-autonomous-vehicle-controller/car_ros/install/articubot_one/share/articubot_one/config/view_bot.rviz
[0.413s] -- Up-to-date symlink: /home/josh/robot_ws/src/open-source-autonomous-vehicle-controller/car_ros/install/articubot_one/share/articubot_one/description/gazebo_control.xacro
[0.413s] -- Up-to-date symlink: /home/josh/robot_ws/src/open-source-autonomous-vehicle-controller/car_ros/install/articubot_one/share/articubot_one/description/inertial_macros.xacro
[0.413s] -- Up-to-date symlink: /home/josh/robot_ws/src/open-source-autonomous-vehicle-controller/car_ros/install/articubot_one/share/articubot_one/description/robot.urdf.xacro
[0.413s] -- Up-to-date symlink: /home/josh/robot_ws/src/open-source-autonomous-vehicle-controller/car_ros/install/articubot_one/share/articubot_one/description/robot_core.xacro
[0.413s] -- Up-to-date symlink: /home/josh/robot_ws/src/open-source-autonomous-vehicle-controller/car_ros/install/articubot_one/share/articubot_one/launch/launch_sim.launch.py
[0.414s] -- Up-to-date symlink: /home/josh/robot_ws/src/open-source-autonomous-vehicle-controller/car_ros/install/articubot_one/share/articubot_one/launch/rsp.launch.py
[0.414s] -- Up-to-date symlink: /home/josh/robot_ws/src/open-source-autonomous-vehicle-controller/car_ros/install/articubot_one/share/articubot_one/worlds/empty.world
[0.414s] -- Up-to-date symlink: /home/josh/robot_ws/src/open-source-autonomous-vehicle-controller/car_ros/install/articubot_one/share/ament_index/resource_index/package_run_dependencies/articubot_one
[0.414s] -- Up-to-date symlink: /home/josh/robot_ws/src/open-source-autonomous-vehicle-controller/car_ros/install/articubot_one/share/ament_index/resource_index/parent_prefix_path/articubot_one
[0.414s] -- Up-to-date symlink: /home/josh/robot_ws/src/open-source-autonomous-vehicle-controller/car_ros/install/articubot_one/share/articubot_one/environment/ament_prefix_path.sh
[0.415s] -- Up-to-date symlink: /home/josh/robot_ws/src/open-source-autonomous-vehicle-controller/car_ros/install/articubot_one/share/articubot_one/environment/ament_prefix_path.dsv
[0.415s] -- Up-to-date symlink: /home/josh/robot_ws/src/open-source-autonomous-vehicle-controller/car_ros/install/articubot_one/share/articubot_one/environment/path.sh
[0.415s] -- Up-to-date symlink: /home/josh/robot_ws/src/open-source-autonomous-vehicle-controller/car_ros/install/articubot_one/share/articubot_one/environment/path.dsv
[0.415s] -- Up-to-date symlink: /home/josh/robot_ws/src/open-source-autonomous-vehicle-controller/car_ros/install/articubot_one/share/articubot_one/local_setup.bash
[0.415s] -- Up-to-date symlink: /home/josh/robot_ws/src/open-source-autonomous-vehicle-controller/car_ros/install/articubot_one/share/articubot_one/local_setup.sh
[0.416s] -- Up-to-date symlink: /home/josh/robot_ws/src/open-source-autonomous-vehicle-controller/car_ros/install/articubot_one/share/articubot_one/local_setup.zsh
[0.416s] -- Up-to-date symlink: /home/josh/robot_ws/src/open-source-autonomous-vehicle-controller/car_ros/install/articubot_one/share/articubot_one/local_setup.dsv
[0.416s] -- Symlinking: /home/josh/robot_ws/src/open-source-autonomous-vehicle-controller/car_ros/install/articubot_one/share/articubot_one/package.dsv
[0.422s] -- Up-to-date symlink: /home/josh/robot_ws/src/open-source-autonomous-vehicle-controller/car_ros/install/articubot_one/share/ament_index/resource_index/packages/articubot_one
[0.422s] -- Up-to-date symlink: /home/josh/robot_ws/src/open-source-autonomous-vehicle-controller/car_ros/install/articubot_one/share/articubot_one/cmake/articubot_oneConfig.cmake
[0.422s] -- Up-to-date symlink: /home/josh/robot_ws/src/open-source-autonomous-vehicle-controller/car_ros/install/articubot_one/share/articubot_one/cmake/articubot_oneConfig-version.cmake
[0.422s] -- Up-to-date symlink: /home/josh/robot_ws/src/open-source-autonomous-vehicle-controller/car_ros/install/articubot_one/share/articubot_one/package.xml
[0.424s] Invoked command in '/home/josh/robot_ws/src/open-source-autonomous-vehicle-controller/car_ros/build/articubot_one' returned '0': CMAKE_PREFIX_PATH=${CMAKE_PREFIX_PATH}:/opt/ros/foxy /usr/bin/cmake --install /home/josh/robot_ws/src/open-source-autonomous-vehicle-controller/car_ros/build/articubot_one
