[0.022s] Invoking command in '/home/josh/robot_ws/src/open-source-autonomous-vehicle-controller/car_ros/build/articubot_one': CMAKE_PREFIX_PATH=${CMAKE_PREFIX_PATH}:/opt/ros/foxy /usr/bin/cmake /home/josh/robot_ws/src/open-source-autonomous-vehicle-controller/car_ros -DAMENT_CMAKE_SYMLINK_INSTALL=1 -DCMAKE_INSTALL_PREFIX=/home/josh/robot_ws/src/open-source-autonomous-vehicle-controller/car_ros/install/articubot_one
[0.158s] -- The C compiler identification is GNU 8.4.0
[0.366s] -- The CXX compiler identification is GNU 8.4.0
[0.475s] -- Check for working C compiler: /usr/bin/cc
[0.587s] -- Check for working C compiler: /usr/bin/cc -- works
[0.587s] -- Detecting C compiler ABI info
[0.698s] -- Detecting C compiler ABI info - done
[0.705s] -- Detecting C compile features
[0.706s] -- Detecting C compile features - done
[0.707s] -- Check for working CXX compiler: /usr/bin/c++
[0.826s] -- Check for working CXX compiler: /usr/bin/c++ -- works
[0.826s] -- Detecting CXX compiler ABI info
[0.944s] -- Detecting CXX compiler ABI info - done
[0.951s] -- Detecting CXX compile features
[0.952s] -- Detecting CXX compile features - done
[0.953s] -- Found ament_cmake: 0.9.9 (/opt/ros/foxy/share/ament_cmake/cmake)
[0.968s] -- Found PythonInterp: /usr/bin/python3 (found suitable version "3.8.10", minimum required is "3") 
[0.968s] -- Using PYTHON_EXECUTABLE: /usr/bin/python3
[1.076s] -- Override CMake install command with custom implementation using symlinks instead of copying resources
[1.089s] -- Found ament_lint_auto: 0.9.6 (/opt/ros/foxy/share/ament_lint_auto/cmake)
[1.144s] -- Added test 'copyright' to check source files copyright and LICENSE
[1.146s] -- Added test 'cppcheck' to perform static code analysis on C / C++ code
[1.146s] -- Configured cppcheck include dirs: 
[1.146s] -- Configured cppcheck exclude dirs and/or files: 
[1.149s] -- Added test 'cpplint' to check C / C++ code against the Google style
[1.149s] -- Configured cpplint exclude dirs and/or files: 
[1.150s] -- Added test 'flake8' to check Python code syntax and style conventions
[1.151s] -- Added test 'lint_cmake' to check CMake code style
[1.151s] -- Added test 'pep257' to check Python code against some of the style conventions in PEP 257
[1.154s] -- Added test 'uncrustify' to check C / C++ code style
[1.154s] -- Configured uncrustify additional arguments: 
[1.154s] -- Added test 'xmllint' to check XML markup files
[1.156s] -- Configuring done
[1.157s] -- Generating done
[1.158s] -- Build files have been written to: /home/josh/robot_ws/src/open-source-autonomous-vehicle-controller/car_ros/build/articubot_one
[1.161s] Invoked command in '/home/josh/robot_ws/src/open-source-autonomous-vehicle-controller/car_ros/build/articubot_one' returned '0': CMAKE_PREFIX_PATH=${CMAKE_PREFIX_PATH}:/opt/ros/foxy /usr/bin/cmake /home/josh/robot_ws/src/open-source-autonomous-vehicle-controller/car_ros -DAMENT_CMAKE_SYMLINK_INSTALL=1 -DCMAKE_INSTALL_PREFIX=/home/josh/robot_ws/src/open-source-autonomous-vehicle-controller/car_ros/install/articubot_one
[1.163s] Invoking command in '/home/josh/robot_ws/src/open-source-autonomous-vehicle-controller/car_ros/build/articubot_one': CMAKE_PREFIX_PATH=${CMAKE_PREFIX_PATH}:/opt/ros/foxy /usr/bin/cmake --build /home/josh/robot_ws/src/open-source-autonomous-vehicle-controller/car_ros/build/articubot_one -- -j12 -l12
[1.187s] Invoked command in '/home/josh/robot_ws/src/open-source-autonomous-vehicle-controller/car_ros/build/articubot_one' returned '0': CMAKE_PREFIX_PATH=${CMAKE_PREFIX_PATH}:/opt/ros/foxy /usr/bin/cmake --build /home/josh/robot_ws/src/open-source-autonomous-vehicle-controller/car_ros/build/articubot_one -- -j12 -l12
[1.206s] Invoking command in '/home/josh/robot_ws/src/open-source-autonomous-vehicle-controller/car_ros/build/articubot_one': CMAKE_PREFIX_PATH=${CMAKE_PREFIX_PATH}:/opt/ros/foxy /usr/bin/cmake --install /home/josh/robot_ws/src/open-source-autonomous-vehicle-controller/car_ros/build/articubot_one
[1.211s] -- Install configuration: ""
[1.211s] -- Execute custom install script
[1.212s] -- Symlinking: /home/josh/robot_ws/src/open-source-autonomous-vehicle-controller/car_ros/install/articubot_one/share/articubot_one/config/empty.yaml
[1.217s] -- Symlinking: /home/josh/robot_ws/src/open-source-autonomous-vehicle-controller/car_ros/install/articubot_one/share/articubot_one/description/robot.urdf.xacro
[1.222s] -- Symlinking: /home/josh/robot_ws/src/open-source-autonomous-vehicle-controller/car_ros/install/articubot_one/share/articubot_one/launch/rsp.launch.py
[1.227s] -- Symlinking: /home/josh/robot_ws/src/open-source-autonomous-vehicle-controller/car_ros/install/articubot_one/share/articubot_one/worlds/empty.world
[1.233s] -- Symlinking: /home/josh/robot_ws/src/open-source-autonomous-vehicle-controller/car_ros/install/articubot_one/share/ament_index/resource_index/package_run_dependencies/articubot_one
[1.238s] -- Symlinking: /home/josh/robot_ws/src/open-source-autonomous-vehicle-controller/car_ros/install/articubot_one/share/ament_index/resource_index/parent_prefix_path/articubot_one
[1.243s] -- Symlinking: /home/josh/robot_ws/src/open-source-autonomous-vehicle-controller/car_ros/install/articubot_one/share/articubot_one/environment/ament_prefix_path.sh
[1.248s] -- Symlinking: /home/josh/robot_ws/src/open-source-autonomous-vehicle-controller/car_ros/install/articubot_one/share/articubot_one/environment/ament_prefix_path.dsv
[1.253s] -- Symlinking: /home/josh/robot_ws/src/open-source-autonomous-vehicle-controller/car_ros/install/articubot_one/share/articubot_one/environment/path.sh
[1.258s] -- Symlinking: /home/josh/robot_ws/src/open-source-autonomous-vehicle-controller/car_ros/install/articubot_one/share/articubot_one/environment/path.dsv
[1.263s] -- Symlinking: /home/josh/robot_ws/src/open-source-autonomous-vehicle-controller/car_ros/install/articubot_one/share/articubot_one/local_setup.bash
[1.268s] -- Symlinking: /home/josh/robot_ws/src/open-source-autonomous-vehicle-controller/car_ros/install/articubot_one/share/articubot_one/local_setup.sh
[1.273s] -- Symlinking: /home/josh/robot_ws/src/open-source-autonomous-vehicle-controller/car_ros/install/articubot_one/share/articubot_one/local_setup.zsh
[1.278s] -- Symlinking: /home/josh/robot_ws/src/open-source-autonomous-vehicle-controller/car_ros/install/articubot_one/share/articubot_one/local_setup.dsv
[1.282s] -- Symlinking: /home/josh/robot_ws/src/open-source-autonomous-vehicle-controller/car_ros/install/articubot_one/share/articubot_one/package.dsv
[1.287s] -- Symlinking: /home/josh/robot_ws/src/open-source-autonomous-vehicle-controller/car_ros/install/articubot_one/share/ament_index/resource_index/packages/articubot_one
[1.292s] -- Symlinking: /home/josh/robot_ws/src/open-source-autonomous-vehicle-controller/car_ros/install/articubot_one/share/articubot_one/cmake/articubot_oneConfig.cmake
[1.296s] -- Symlinking: /home/josh/robot_ws/src/open-source-autonomous-vehicle-controller/car_ros/install/articubot_one/share/articubot_one/cmake/articubot_oneConfig-version.cmake
[1.300s] -- Symlinking: /home/josh/robot_ws/src/open-source-autonomous-vehicle-controller/car_ros/install/articubot_one/share/articubot_one/package.xml
[1.308s] Invoked command in '/home/josh/robot_ws/src/open-source-autonomous-vehicle-controller/car_ros/build/articubot_one' returned '0': CMAKE_PREFIX_PATH=${CMAKE_PREFIX_PATH}:/opt/ros/foxy /usr/bin/cmake --install /home/josh/robot_ws/src/open-source-autonomous-vehicle-controller/car_ros/build/articubot_one
