[0.018s] Invoking command in '/home/josh/robot_ws/src/open-source-autonomous-vehicle-controller/car_ros/build/articubot_one': CMAKE_PREFIX_PATH=/opt/ros/foxy /usr/bin/cmake --build /home/josh/robot_ws/src/open-source-autonomous-vehicle-controller/car_ros/build/articubot_one -- -j12 -l12
[0.035s] -- Found ament_cmake: 0.9.9 (/opt/ros/foxy/share/ament_cmake/cmake)
[0.050s] -- Using PYTHON_EXECUTABLE: /usr/bin/python3
[0.158s] -- Override CMake install command with custom implementation using symlinks instead of copying resources
[0.164s] -- Found ament_lint_auto: 0.9.6 (/opt/ros/foxy/share/ament_lint_auto/cmake)
[0.216s] -- Added test 'copyright' to check source files copyright and LICENSE
[0.222s] -- Added test 'cppcheck' to perform static code analysis on C / C++ code
[0.223s] -- Configured cppcheck include dirs: 
[0.223s] -- Configured cppcheck exclude dirs and/or files: 
[0.227s] -- Added test 'cpplint' to check C / C++ code against the Google style
[0.227s] -- Configured cpplint exclude dirs and/or files: 
[0.228s] -- Added test 'flake8' to check Python code syntax and style conventions
[0.229s] -- Added test 'lint_cmake' to check CMake code style
[0.230s] -- Added test 'pep257' to check Python code against some of the style conventions in PEP 257
[0.235s] -- Added test 'uncrustify' to check C / C++ code style
[0.235s] -- Configured uncrustify additional arguments: 
[0.236s] -- Added test 'xmllint' to check XML markup files
[0.237s] -- Configuring done
[0.240s] -- Generating done
[0.241s] -- Build files have been written to: /home/josh/robot_ws/src/open-source-autonomous-vehicle-controller/car_ros/build/articubot_one
[0.254s] Invoked command in '/home/josh/robot_ws/src/open-source-autonomous-vehicle-controller/car_ros/build/articubot_one' returned '0': CMAKE_PREFIX_PATH=/opt/ros/foxy /usr/bin/cmake --build /home/josh/robot_ws/src/open-source-autonomous-vehicle-controller/car_ros/build/articubot_one -- -j12 -l12
[0.272s] Invoking command in '/home/josh/robot_ws/src/open-source-autonomous-vehicle-controller/car_ros/build/articubot_one': CMAKE_PREFIX_PATH=/opt/ros/foxy /usr/bin/cmake --install /home/josh/robot_ws/src/open-source-autonomous-vehicle-controller/car_ros/build/articubot_one
[0.276s] -- Install configuration: ""
[0.276s] -- Execute custom install script
[0.276s] -- Up-to-date symlink: /home/josh/robot_ws/src/open-source-autonomous-vehicle-controller/car_ros/install/articubot_one/share/articubot_one/config/empty.yaml
[0.277s] -- Up-to-date symlink: /home/josh/robot_ws/src/open-source-autonomous-vehicle-controller/car_ros/install/articubot_one/share/articubot_one/description/robot.urdf.xacro
[0.277s] -- Up-to-date symlink: /home/josh/robot_ws/src/open-source-autonomous-vehicle-controller/car_ros/install/articubot_one/share/articubot_one/description/robot_core.xacro
[0.277s] -- Up-to-date symlink: /home/josh/robot_ws/src/open-source-autonomous-vehicle-controller/car_ros/install/articubot_one/share/articubot_one/launch/rsp.launch.py
[0.277s] -- Up-to-date symlink: /home/josh/robot_ws/src/open-source-autonomous-vehicle-controller/car_ros/install/articubot_one/share/articubot_one/worlds/empty.world
[0.277s] -- Up-to-date symlink: /home/josh/robot_ws/src/open-source-autonomous-vehicle-controller/car_ros/install/articubot_one/share/ament_index/resource_index/package_run_dependencies/articubot_one
[0.278s] -- Up-to-date symlink: /home/josh/robot_ws/src/open-source-autonomous-vehicle-controller/car_ros/install/articubot_one/share/ament_index/resource_index/parent_prefix_path/articubot_one
[0.278s] -- Up-to-date symlink: /home/josh/robot_ws/src/open-source-autonomous-vehicle-controller/car_ros/install/articubot_one/share/articubot_one/environment/ament_prefix_path.sh
[0.278s] -- Up-to-date symlink: /home/josh/robot_ws/src/open-source-autonomous-vehicle-controller/car_ros/install/articubot_one/share/articubot_one/environment/ament_prefix_path.dsv
[0.278s] -- Up-to-date symlink: /home/josh/robot_ws/src/open-source-autonomous-vehicle-controller/car_ros/install/articubot_one/share/articubot_one/environment/path.sh
[0.278s] -- Up-to-date symlink: /home/josh/robot_ws/src/open-source-autonomous-vehicle-controller/car_ros/install/articubot_one/share/articubot_one/environment/path.dsv
[0.279s] -- Up-to-date symlink: /home/josh/robot_ws/src/open-source-autonomous-vehicle-controller/car_ros/install/articubot_one/share/articubot_one/local_setup.bash
[0.279s] -- Up-to-date symlink: /home/josh/robot_ws/src/open-source-autonomous-vehicle-controller/car_ros/install/articubot_one/share/articubot_one/local_setup.sh
[0.279s] -- Up-to-date symlink: /home/josh/robot_ws/src/open-source-autonomous-vehicle-controller/car_ros/install/articubot_one/share/articubot_one/local_setup.zsh
[0.279s] -- Up-to-date symlink: /home/josh/robot_ws/src/open-source-autonomous-vehicle-controller/car_ros/install/articubot_one/share/articubot_one/local_setup.dsv
[0.279s] -- Symlinking: /home/josh/robot_ws/src/open-source-autonomous-vehicle-controller/car_ros/install/articubot_one/share/articubot_one/package.dsv
[0.285s] -- Up-to-date symlink: /home/josh/robot_ws/src/open-source-autonomous-vehicle-controller/car_ros/install/articubot_one/share/ament_index/resource_index/packages/articubot_one
[0.285s] -- Up-to-date symlink: /home/josh/robot_ws/src/open-source-autonomous-vehicle-controller/car_ros/install/articubot_one/share/articubot_one/cmake/articubot_oneConfig.cmake
[0.285s] -- Up-to-date symlink: /home/josh/robot_ws/src/open-source-autonomous-vehicle-controller/car_ros/install/articubot_one/share/articubot_one/cmake/articubot_oneConfig-version.cmake
[0.285s] -- Up-to-date symlink: /home/josh/robot_ws/src/open-source-autonomous-vehicle-controller/car_ros/install/articubot_one/share/articubot_one/package.xml
[0.288s] Invoked command in '/home/josh/robot_ws/src/open-source-autonomous-vehicle-controller/car_ros/build/articubot_one' returned '0': CMAKE_PREFIX_PATH=/opt/ros/foxy /usr/bin/cmake --install /home/josh/robot_ws/src/open-source-autonomous-vehicle-controller/car_ros/build/articubot_one
