[0.378s] DEBUG:colcon:Command line arguments: ['/usr/bin/colcon', 'build', '--cmake-clean-cache', '--symlink-install']
[0.378s] DEBUG:colcon:Parsed command line arguments: Namespace(allow_overriding=[], ament_cmake_args=None, base_paths=['.'], build_base='build', catkin_cmake_args=None, catkin_skip_building_tests=False, cmake_args=None, cmake_clean_cache=True, cmake_clean_first=False, cmake_force_configure=False, cmake_target=None, cmake_target_skip_unavailable=False, continue_on_error=False, event_handlers=None, executor='parallel', ignore_user_meta=False, install_base='install', log_base=None, log_level=None, main=<bound method BuildVerb.main of <colcon_core.verb.build.BuildVerb object at 0x7f911008b820>>, merge_install=False, metas=['./colcon.meta'], packages_above=None, packages_above_and_dependencies=None, packages_above_depth=None, packages_end=None, packages_ignore=None, packages_ignore_regex=None, packages_select=None, packages_select_build_failed=False, packages_select_by_dep=None, packages_select_regex=None, packages_select_test_failures=False, packages_skip=None, packages_skip_build_finished=False, packages_skip_by_dep=None, packages_skip_regex=None, packages_skip_test_passed=False, packages_skip_up_to=None, packages_start=None, packages_up_to=None, packages_up_to_regex=None, parallel_workers=12, paths=None, symlink_install=True, test_result_base=None, verb_extension=<colcon_core.verb.build.BuildVerb object at 0x7f911008b820>, verb_name='build', verb_parser=<colcon_defaults.argument_parser.defaults.DefaultArgumentsDecorator object at 0x7f910ff830d0>)
[0.427s] Level 1:colcon.colcon_core.package_discovery:discover_packages(colcon_meta) check parameters
[0.427s] Level 1:colcon.colcon_core.package_discovery:discover_packages(recursive) check parameters
[0.427s] Level 1:colcon.colcon_core.package_discovery:discover_packages(ignore) check parameters
[0.427s] Level 1:colcon.colcon_core.package_discovery:discover_packages(path) check parameters
[0.427s] Level 1:colcon.colcon_core.package_discovery:discover_packages(colcon_meta) discover
[0.427s] Level 1:colcon.colcon_core.package_discovery:discover_packages(recursive) discover
[0.427s] INFO:colcon.colcon_core.package_discovery:Crawling recursively for packages in '/home/josh/robot_ws/src/open-source-autonomous-vehicle-controller/car_ros'
[0.427s] Level 1:colcon.colcon_core.package_identification:_identify(.) by extensions ['ignore', 'ignore_ament_install']
[0.427s] Level 1:colcon.colcon_core.package_identification:_identify(.) by extension 'ignore'
[0.427s] Level 1:colcon.colcon_core.package_identification:_identify(.) by extension 'ignore_ament_install'
[0.427s] Level 1:colcon.colcon_core.package_identification:_identify(.) by extensions ['colcon_pkg']
[0.427s] Level 1:colcon.colcon_core.package_identification:_identify(.) by extension 'colcon_pkg'
[0.427s] Level 1:colcon.colcon_core.package_identification:_identify(.) by extensions ['colcon_meta']
[0.427s] Level 1:colcon.colcon_core.package_identification:_identify(.) by extension 'colcon_meta'
[0.427s] Level 1:colcon.colcon_core.package_identification:_identify(.) by extensions ['ros']
[0.427s] Level 1:colcon.colcon_core.package_identification:_identify(.) by extension 'ros'
[0.441s] DEBUG:colcon.colcon_core.package_identification:Package '.' with type 'ros.ament_cmake' and name 'articubot_one'
[0.441s] Level 1:colcon.colcon_core.package_discovery:discover_packages(recursive) using defaults
[0.441s] Level 1:colcon.colcon_core.package_discovery:discover_packages(ignore) discover
[0.441s] Level 1:colcon.colcon_core.package_discovery:discover_packages(ignore) using defaults
[0.441s] Level 1:colcon.colcon_core.package_discovery:discover_packages(path) discover
[0.441s] Level 1:colcon.colcon_core.package_discovery:discover_packages(path) using defaults
[0.466s] Level 1:colcon.colcon_core.package_discovery:discover_packages(prefix_path) check parameters
[0.466s] Level 1:colcon.colcon_core.package_discovery:discover_packages(prefix_path) discover
[0.470s] DEBUG:colcon.colcon_installed_package_information.package_discovery:Found 1 installed packages in /home/josh/robot_ws/src/open-source-autonomous-vehicle-controller/car_ros/install
[0.472s] DEBUG:colcon.colcon_installed_package_information.package_discovery:Found 266 installed packages in /opt/ros/foxy
[0.473s] Level 1:colcon.colcon_core.package_discovery:discover_packages(prefix_path) using defaults
[0.535s] Level 5:colcon.colcon_core.verb:set package 'articubot_one' build argument 'cmake_args' from command line to 'None'
[0.535s] Level 5:colcon.colcon_core.verb:set package 'articubot_one' build argument 'cmake_target' from command line to 'None'
[0.535s] Level 5:colcon.colcon_core.verb:set package 'articubot_one' build argument 'cmake_target_skip_unavailable' from command line to 'False'
[0.535s] Level 5:colcon.colcon_core.verb:set package 'articubot_one' build argument 'cmake_clean_cache' from command line to 'True'
[0.535s] Level 5:colcon.colcon_core.verb:set package 'articubot_one' build argument 'cmake_clean_first' from command line to 'False'
[0.535s] Level 5:colcon.colcon_core.verb:set package 'articubot_one' build argument 'cmake_force_configure' from command line to 'False'
[0.535s] Level 5:colcon.colcon_core.verb:set package 'articubot_one' build argument 'ament_cmake_args' from command line to 'None'
[0.535s] Level 5:colcon.colcon_core.verb:set package 'articubot_one' build argument 'catkin_cmake_args' from command line to 'None'
[0.535s] Level 5:colcon.colcon_core.verb:set package 'articubot_one' build argument 'catkin_skip_building_tests' from command line to 'False'
[0.535s] DEBUG:colcon.colcon_core.verb:Building package 'articubot_one' with the following arguments: {'ament_cmake_args': None, 'build_base': '/home/josh/robot_ws/src/open-source-autonomous-vehicle-controller/car_ros/build/articubot_one', 'catkin_cmake_args': None, 'catkin_skip_building_tests': False, 'cmake_args': None, 'cmake_clean_cache': True, 'cmake_clean_first': False, 'cmake_force_configure': False, 'cmake_target': None, 'cmake_target_skip_unavailable': False, 'install_base': '/home/josh/robot_ws/src/open-source-autonomous-vehicle-controller/car_ros/install/articubot_one', 'merge_install': False, 'path': '/home/josh/robot_ws/src/open-source-autonomous-vehicle-controller/car_ros', 'symlink_install': True, 'test_result_base': None}
[0.536s] INFO:colcon.colcon_core.executor:Executing jobs using 'parallel' executor
[0.541s] DEBUG:colcon.colcon_parallel_executor.executor.parallel:run_until_complete
[0.541s] INFO:colcon.colcon_ros.task.ament_cmake.build:Building ROS package in '/home/josh/robot_ws/src/open-source-autonomous-vehicle-controller/car_ros' with build type 'ament_cmake'
[0.541s] INFO:colcon.colcon_cmake.task.cmake.build:Building CMake package in '/home/josh/robot_ws/src/open-source-autonomous-vehicle-controller/car_ros'
[0.548s] INFO:colcon.colcon_core.plugin_system:Skipping extension 'colcon_core.shell.bat': Not used on non-Windows systems
[0.549s] INFO:colcon.colcon_core.shell:Skip shell extension 'powershell' for command environment: Not usable outside of PowerShell
[0.549s] DEBUG:colcon.colcon_core.shell:Skip shell extension 'dsv' for command environment
[0.557s] DEBUG:colcon.colcon_core.event_handler.log_command:Invoking command in '/home/josh/robot_ws/src/open-source-autonomous-vehicle-controller/car_ros/build/articubot_one': CMAKE_PREFIX_PATH=${CMAKE_PREFIX_PATH}:/opt/ros/foxy /usr/bin/cmake /home/josh/robot_ws/src/open-source-autonomous-vehicle-controller/car_ros -DAMENT_CMAKE_SYMLINK_INSTALL=1 -DCMAKE_INSTALL_PREFIX=/home/josh/robot_ws/src/open-source-autonomous-vehicle-controller/car_ros/install/articubot_one
[2.175s] DEBUG:colcon.colcon_core.event_handler.log_command:Invoked command in '/home/josh/robot_ws/src/open-source-autonomous-vehicle-controller/car_ros/build/articubot_one' returned '0': CMAKE_PREFIX_PATH=${CMAKE_PREFIX_PATH}:/opt/ros/foxy /usr/bin/cmake /home/josh/robot_ws/src/open-source-autonomous-vehicle-controller/car_ros -DAMENT_CMAKE_SYMLINK_INSTALL=1 -DCMAKE_INSTALL_PREFIX=/home/josh/robot_ws/src/open-source-autonomous-vehicle-controller/car_ros/install/articubot_one
[2.177s] DEBUG:colcon.colcon_core.event_handler.log_command:Invoking command in '/home/josh/robot_ws/src/open-source-autonomous-vehicle-controller/car_ros/build/articubot_one': CMAKE_PREFIX_PATH=${CMAKE_PREFIX_PATH}:/opt/ros/foxy /usr/bin/cmake --build /home/josh/robot_ws/src/open-source-autonomous-vehicle-controller/car_ros/build/articubot_one -- -j12 -l12
[2.199s] DEBUG:colcon.colcon_core.event_handler.log_command:Invoked command in '/home/josh/robot_ws/src/open-source-autonomous-vehicle-controller/car_ros/build/articubot_one' returned '0': CMAKE_PREFIX_PATH=${CMAKE_PREFIX_PATH}:/opt/ros/foxy /usr/bin/cmake --build /home/josh/robot_ws/src/open-source-autonomous-vehicle-controller/car_ros/build/articubot_one -- -j12 -l12
[2.216s] DEBUG:colcon.colcon_core.event_handler.log_command:Invoking command in '/home/josh/robot_ws/src/open-source-autonomous-vehicle-controller/car_ros/build/articubot_one': CMAKE_PREFIX_PATH=${CMAKE_PREFIX_PATH}:/opt/ros/foxy /usr/bin/cmake --install /home/josh/robot_ws/src/open-source-autonomous-vehicle-controller/car_ros/build/articubot_one
[2.232s] Level 1:colcon.colcon_core.environment:create_environment_scripts_only(articubot_one)
[2.233s] DEBUG:colcon.colcon_core.event_handler.log_command:Invoked command in '/home/josh/robot_ws/src/open-source-autonomous-vehicle-controller/car_ros/build/articubot_one' returned '0': CMAKE_PREFIX_PATH=${CMAKE_PREFIX_PATH}:/opt/ros/foxy /usr/bin/cmake --install /home/josh/robot_ws/src/open-source-autonomous-vehicle-controller/car_ros/build/articubot_one
[2.241s] Level 1:colcon.colcon_core.environment:checking '/home/josh/robot_ws/src/open-source-autonomous-vehicle-controller/car_ros/install/articubot_one' for CMake module files
[2.242s] Level 1:colcon.colcon_core.environment:checking '/home/josh/robot_ws/src/open-source-autonomous-vehicle-controller/car_ros/install/articubot_one' for CMake config files
[2.242s] Level 1:colcon.colcon_core.shell:create_environment_hook('articubot_one', 'cmake_prefix_path')
[2.244s] INFO:colcon.colcon_core.shell:Creating environment hook '/home/josh/robot_ws/src/open-source-autonomous-vehicle-controller/car_ros/install/articubot_one/share/articubot_one/hook/cmake_prefix_path.ps1'
[2.245s] INFO:colcon.colcon_core.shell:Creating environment descriptor '/home/josh/robot_ws/src/open-source-autonomous-vehicle-controller/car_ros/install/articubot_one/share/articubot_one/hook/cmake_prefix_path.dsv'
[2.245s] INFO:colcon.colcon_core.shell:Creating environment hook '/home/josh/robot_ws/src/open-source-autonomous-vehicle-controller/car_ros/install/articubot_one/share/articubot_one/hook/cmake_prefix_path.sh'
[2.246s] Level 1:colcon.colcon_core.environment:checking '/home/josh/robot_ws/src/open-source-autonomous-vehicle-controller/car_ros/install/articubot_one/bin'
[2.246s] Level 1:colcon.colcon_core.environment:checking '/home/josh/robot_ws/src/open-source-autonomous-vehicle-controller/car_ros/install/articubot_one/lib/pkgconfig/articubot_one.pc'
[2.246s] Level 1:colcon.colcon_core.environment:checking '/home/josh/robot_ws/src/open-source-autonomous-vehicle-controller/car_ros/install/articubot_one/lib/python3.8/site-packages'
[2.247s] Level 1:colcon.colcon_core.environment:checking '/home/josh/robot_ws/src/open-source-autonomous-vehicle-controller/car_ros/install/articubot_one/bin'
[2.249s] INFO:colcon.colcon_core.shell:Creating package script '/home/josh/robot_ws/src/open-source-autonomous-vehicle-controller/car_ros/install/articubot_one/share/articubot_one/package.ps1'
[2.249s] INFO:colcon.colcon_core.shell:Creating package descriptor '/home/josh/robot_ws/src/open-source-autonomous-vehicle-controller/car_ros/install/articubot_one/share/articubot_one/package.dsv'
[2.250s] INFO:colcon.colcon_core.shell:Creating package script '/home/josh/robot_ws/src/open-source-autonomous-vehicle-controller/car_ros/install/articubot_one/share/articubot_one/package.sh'
[2.251s] INFO:colcon.colcon_core.shell:Creating package script '/home/josh/robot_ws/src/open-source-autonomous-vehicle-controller/car_ros/install/articubot_one/share/articubot_one/package.bash'
[2.251s] INFO:colcon.colcon_core.shell:Creating package script '/home/josh/robot_ws/src/open-source-autonomous-vehicle-controller/car_ros/install/articubot_one/share/articubot_one/package.zsh'
[2.252s] Level 1:colcon.colcon_core.environment:create_file_with_runtime_dependencies(/home/josh/robot_ws/src/open-source-autonomous-vehicle-controller/car_ros/install/articubot_one/share/colcon-core/packages/articubot_one)
[2.266s] Level 1:colcon.colcon_core.environment:create_environment_scripts_only(articubot_one)
[2.269s] Level 1:colcon.colcon_core.environment:checking '/home/josh/robot_ws/src/open-source-autonomous-vehicle-controller/car_ros/install/articubot_one' for CMake module files
[2.269s] Level 1:colcon.colcon_core.environment:checking '/home/josh/robot_ws/src/open-source-autonomous-vehicle-controller/car_ros/install/articubot_one' for CMake config files
[2.269s] Level 1:colcon.colcon_core.shell:create_environment_hook('articubot_one', 'cmake_prefix_path')
[2.271s] INFO:colcon.colcon_core.shell:Creating environment hook '/home/josh/robot_ws/src/open-source-autonomous-vehicle-controller/car_ros/install/articubot_one/share/articubot_one/hook/cmake_prefix_path.ps1'
[2.272s] INFO:colcon.colcon_core.shell:Creating environment descriptor '/home/josh/robot_ws/src/open-source-autonomous-vehicle-controller/car_ros/install/articubot_one/share/articubot_one/hook/cmake_prefix_path.dsv'
[2.272s] INFO:colcon.colcon_core.shell:Creating environment hook '/home/josh/robot_ws/src/open-source-autonomous-vehicle-controller/car_ros/install/articubot_one/share/articubot_one/hook/cmake_prefix_path.sh'
[2.272s] Level 1:colcon.colcon_core.environment:checking '/home/josh/robot_ws/src/open-source-autonomous-vehicle-controller/car_ros/install/articubot_one/bin'
[2.272s] Level 1:colcon.colcon_core.environment:checking '/home/josh/robot_ws/src/open-source-autonomous-vehicle-controller/car_ros/install/articubot_one/lib/pkgconfig/articubot_one.pc'
[2.273s] Level 1:colcon.colcon_core.environment:checking '/home/josh/robot_ws/src/open-source-autonomous-vehicle-controller/car_ros/install/articubot_one/lib/python3.8/site-packages'
[2.273s] Level 1:colcon.colcon_core.environment:checking '/home/josh/robot_ws/src/open-source-autonomous-vehicle-controller/car_ros/install/articubot_one/bin'
[2.275s] INFO:colcon.colcon_core.shell:Creating package script '/home/josh/robot_ws/src/open-source-autonomous-vehicle-controller/car_ros/install/articubot_one/share/articubot_one/package.ps1'
[2.275s] INFO:colcon.colcon_core.shell:Creating package descriptor '/home/josh/robot_ws/src/open-source-autonomous-vehicle-controller/car_ros/install/articubot_one/share/articubot_one/package.dsv'
[2.275s] INFO:colcon.colcon_core.shell:Creating package script '/home/josh/robot_ws/src/open-source-autonomous-vehicle-controller/car_ros/install/articubot_one/share/articubot_one/package.sh'
[2.275s] INFO:colcon.colcon_core.shell:Creating package script '/home/josh/robot_ws/src/open-source-autonomous-vehicle-controller/car_ros/install/articubot_one/share/articubot_one/package.bash'
[2.276s] INFO:colcon.colcon_core.shell:Creating package script '/home/josh/robot_ws/src/open-source-autonomous-vehicle-controller/car_ros/install/articubot_one/share/articubot_one/package.zsh'
[2.276s] Level 1:colcon.colcon_core.environment:create_file_with_runtime_dependencies(/home/josh/robot_ws/src/open-source-autonomous-vehicle-controller/car_ros/install/articubot_one/share/colcon-core/packages/articubot_one)
[2.276s] DEBUG:colcon.colcon_parallel_executor.executor.parallel:closing loop
[2.277s] DEBUG:colcon.colcon_parallel_executor.executor.parallel:loop closed
[2.277s] DEBUG:colcon.colcon_parallel_executor.executor.parallel:run_until_complete finished with '0'
[2.277s] DEBUG:colcon.colcon_core.event_reactor:joining thread
[2.326s] INFO:colcon.colcon_core.plugin_system:Skipping extension 'colcon_notification.desktop_notification.notify_send': Could not find 'notify-send'
[2.326s] INFO:colcon.colcon_core.plugin_system:Skipping extension 'colcon_notification.desktop_notification.terminal_notifier': Not used on non-Darwin systems
[2.326s] INFO:colcon.colcon_core.plugin_system:Skipping extension 'colcon_notification.desktop_notification.win32': Not used on non-Windows systems
[2.326s] INFO:colcon.colcon_notification.desktop_notification:Sending desktop notification using 'notify2'
[3.970s] DEBUG:colcon.colcon_notification.desktop_notification.notify2:Failed to initialize notify2: org.freedesktop.DBus.Error.ServiceUnknown: The name org.freedesktop.Notifications was not provided by any .service files
[3.970s] DEBUG:colcon.colcon_core.event_reactor:joined thread
[3.973s] INFO:colcon.colcon_core.shell:Creating prefix script '/home/josh/robot_ws/src/open-source-autonomous-vehicle-controller/car_ros/install/local_setup.ps1'
[3.974s] INFO:colcon.colcon_core.shell:Creating prefix util module '/home/josh/robot_ws/src/open-source-autonomous-vehicle-controller/car_ros/install/_local_setup_util_ps1.py'
[3.975s] INFO:colcon.colcon_core.shell:Creating prefix chain script '/home/josh/robot_ws/src/open-source-autonomous-vehicle-controller/car_ros/install/setup.ps1'
[3.977s] INFO:colcon.colcon_core.shell:Creating prefix script '/home/josh/robot_ws/src/open-source-autonomous-vehicle-controller/car_ros/install/local_setup.sh'
[3.977s] INFO:colcon.colcon_core.shell:Creating prefix util module '/home/josh/robot_ws/src/open-source-autonomous-vehicle-controller/car_ros/install/_local_setup_util_sh.py'
[3.978s] INFO:colcon.colcon_core.shell:Creating prefix chain script '/home/josh/robot_ws/src/open-source-autonomous-vehicle-controller/car_ros/install/setup.sh'
[3.979s] INFO:colcon.colcon_core.shell:Creating prefix script '/home/josh/robot_ws/src/open-source-autonomous-vehicle-controller/car_ros/install/local_setup.bash'
[3.979s] INFO:colcon.colcon_core.shell:Creating prefix chain script '/home/josh/robot_ws/src/open-source-autonomous-vehicle-controller/car_ros/install/setup.bash'
[3.980s] INFO:colcon.colcon_core.shell:Creating prefix script '/home/josh/robot_ws/src/open-source-autonomous-vehicle-controller/car_ros/install/local_setup.zsh'
[3.981s] INFO:colcon.colcon_core.shell:Creating prefix chain script '/home/josh/robot_ws/src/open-source-autonomous-vehicle-controller/car_ros/install/setup.zsh'
