[0.013s] Invoking command in '/home/josh/robot_ws/src/open-source-autonomous-vehicle-controller/car_ros/build/articubot_one': CMAKE_PREFIX_PATH=${CMAKE_PREFIX_PATH}:/opt/ros/foxy /usr/bin/cmake /home/josh/robot_ws/src/open-source-autonomous-vehicle-controller/car_ros -DAMENT_CMAKE_SYMLINK_INSTALL=1 -DCMAKE_INSTALL_PREFIX=/home/josh/robot_ws/src/open-source-autonomous-vehicle-controller/car_ros/install/articubot_one
[0.172s] -- The C compiler identification is GNU 8.4.0
[0.409s] -- The CXX compiler identification is GNU 8.4.0
[0.542s] -- Check for working C compiler: /usr/bin/cc
[0.680s] -- Check for working C compiler: /usr/bin/cc -- works
[0.680s] -- Detecting C compiler ABI info
[0.814s] -- Detecting C compiler ABI info - done
[0.821s] -- Detecting C compile features
[0.821s] -- Detecting C compile features - done
[0.823s] -- Check for working CXX compiler: /usr/bin/c++
[0.962s] -- Check for working CXX compiler: /usr/bin/c++ -- works
[0.963s] -- Detecting CXX compiler ABI info
[1.097s] -- Detecting CXX compiler ABI info - done
[1.104s] -- Detecting CXX compile features
[1.105s] -- Detecting CXX compile features - done
[1.106s] -- Found ament_cmake: 0.9.9 (/opt/ros/foxy/share/ament_cmake/cmake)
[1.122s] -- Found PythonInterp: /usr/bin/python3 (found suitable version "3.8.10", minimum required is "3") 
[1.122s] -- Using PYTHON_EXECUTABLE: /usr/bin/python3
[1.236s] -- Override CMake install command with custom implementation using symlinks instead of copying resources
[1.251s] -- Found ament_lint_auto: 0.9.6 (/opt/ros/foxy/share/ament_lint_auto/cmake)
[1.319s] -- Added test 'copyright' to check source files copyright and LICENSE
[1.339s] -- Added test 'cppcheck' to perform static code analysis on C / C++ code
[1.339s] -- Configured cppcheck include dirs: 
[1.339s] -- Configured cppcheck exclude dirs and/or files: 
[1.358s] -- Added test 'cpplint' to check C / C++ code against the Google style
[1.358s] -- Configured cpplint exclude dirs and/or files: 
[1.360s] -- Added test 'flake8' to check Python code syntax and style conventions
[1.365s] -- Added test 'lint_cmake' to check CMake code style
[1.367s] -- Added test 'pep257' to check Python code against some of the style conventions in PEP 257
[1.385s] -- Added test 'uncrustify' to check C / C++ code style
[1.385s] -- Configured uncrustify additional arguments: 
[1.388s] -- Added test 'xmllint' to check XML markup files
[1.389s] -- Configuring done
[1.391s] -- Generating done
[1.391s] -- Build files have been written to: /home/josh/robot_ws/src/open-source-autonomous-vehicle-controller/car_ros/build/articubot_one
[1.396s] Invoked command in '/home/josh/robot_ws/src/open-source-autonomous-vehicle-controller/car_ros/build/articubot_one' returned '0': CMAKE_PREFIX_PATH=${CMAKE_PREFIX_PATH}:/opt/ros/foxy /usr/bin/cmake /home/josh/robot_ws/src/open-source-autonomous-vehicle-controller/car_ros -DAMENT_CMAKE_SYMLINK_INSTALL=1 -DCMAKE_INSTALL_PREFIX=/home/josh/robot_ws/src/open-source-autonomous-vehicle-controller/car_ros/install/articubot_one
[1.397s] Invoking command in '/home/josh/robot_ws/src/open-source-autonomous-vehicle-controller/car_ros/build/articubot_one': CMAKE_PREFIX_PATH=${CMAKE_PREFIX_PATH}:/opt/ros/foxy /usr/bin/cmake --build /home/josh/robot_ws/src/open-source-autonomous-vehicle-controller/car_ros/build/articubot_one -- -j12 -l12
[1.419s] Invoked command in '/home/josh/robot_ws/src/open-source-autonomous-vehicle-controller/car_ros/build/articubot_one' returned '0': CMAKE_PREFIX_PATH=${CMAKE_PREFIX_PATH}:/opt/ros/foxy /usr/bin/cmake --build /home/josh/robot_ws/src/open-source-autonomous-vehicle-controller/car_ros/build/articubot_one -- -j12 -l12
[1.441s] Invoking command in '/home/josh/robot_ws/src/open-source-autonomous-vehicle-controller/car_ros/build/articubot_one': CMAKE_PREFIX_PATH=${CMAKE_PREFIX_PATH}:/opt/ros/foxy /usr/bin/cmake --install /home/josh/robot_ws/src/open-source-autonomous-vehicle-controller/car_ros/build/articubot_one
[1.449s] -- Install configuration: ""
[1.449s] -- Execute custom install script
[1.450s] -- Up-to-date symlink: /home/josh/robot_ws/src/open-source-autonomous-vehicle-controller/car_ros/install/articubot_one/share/articubot_one/config/drive_bot.rviz
[1.450s] -- Up-to-date symlink: /home/josh/robot_ws/src/open-source-autonomous-vehicle-controller/car_ros/install/articubot_one/share/articubot_one/description/gazebo_control.xacro
[1.450s] -- Up-to-date symlink: /home/josh/robot_ws/src/open-source-autonomous-vehicle-controller/car_ros/install/articubot_one/share/articubot_one/description/inertial_macros.xacro
[1.450s] -- Up-to-date symlink: /home/josh/robot_ws/src/open-source-autonomous-vehicle-controller/car_ros/install/articubot_one/share/articubot_one/description/robot.urdf.xacro
[1.451s] -- Up-to-date symlink: /home/josh/robot_ws/src/open-source-autonomous-vehicle-controller/car_ros/install/articubot_one/share/articubot_one/description/robot_camera.xacro
[1.451s] -- Up-to-date symlink: /home/josh/robot_ws/src/open-source-autonomous-vehicle-controller/car_ros/install/articubot_one/share/articubot_one/description/robot_core.xacro
[1.451s] -- Up-to-date symlink: /home/josh/robot_ws/src/open-source-autonomous-vehicle-controller/car_ros/install/articubot_one/share/articubot_one/description/robot_lidar.xacro
[1.451s] -- Up-to-date symlink: /home/josh/robot_ws/src/open-source-autonomous-vehicle-controller/car_ros/install/articubot_one/share/articubot_one/launch/launch_sim.launch.py
[1.452s] -- Up-to-date symlink: /home/josh/robot_ws/src/open-source-autonomous-vehicle-controller/car_ros/install/articubot_one/share/articubot_one/launch/rsp.launch.py
[1.452s] CMake Warning (dev) at ament_cmake_symlink_install/ament_cmake_symlink_install.cmake:62 (file):
[1.452s]   Policy CMP0009 is not set: FILE GLOB_RECURSE calls should not follow
[1.452s]   symlinks by default.  Run "cmake --help-policy CMP0009" for policy details.
[1.452s]   Use the cmake_policy command to set the policy and suppress this warning.
[1.452s] Call Stack (most recent call first):
[1.453s]   ament_cmake_symlink_install/ament_cmake_symlink_install.cmake:314 (ament_cmake_symlink_install_directory)
[1.453s]   cmake_install.cmake:41 (include)
[1.453s] This warning is for project developers.  Use -Wno-dev to suppress it.
[1.453s] 
[1.453s] -- Up-to-date symlink: /home/josh/robot_ws/src/open-source-autonomous-vehicle-controller/car_ros/install/articubot_one/share/articubot_one/worlds/blue_cone/model.config
[1.453s] -- Up-to-date symlink: /home/josh/robot_ws/src/open-source-autonomous-vehicle-controller/car_ros/install/articubot_one/share/articubot_one/worlds/blue_cone/model.sdf
[1.453s] -- Up-to-date symlink: /home/josh/robot_ws/src/open-source-autonomous-vehicle-controller/car_ros/install/articubot_one/share/articubot_one/worlds/build/.built_by
[1.453s] -- Up-to-date symlink: /home/josh/robot_ws/src/open-source-autonomous-vehicle-controller/car_ros/install/articubot_one/share/articubot_one/worlds/build/COLCON_IGNORE
[1.453s] -- Up-to-date symlink: /home/josh/robot_ws/src/open-source-autonomous-vehicle-controller/car_ros/install/articubot_one/share/articubot_one/worlds/install/.colcon_install_layout
[1.454s] -- Up-to-date symlink: /home/josh/robot_ws/src/open-source-autonomous-vehicle-controller/car_ros/install/articubot_one/share/articubot_one/worlds/install/COLCON_IGNORE
[1.454s] -- Up-to-date symlink: /home/josh/robot_ws/src/open-source-autonomous-vehicle-controller/car_ros/install/articubot_one/share/articubot_one/worlds/install/_local_setup_util_ps1.py
[1.454s] -- Up-to-date symlink: /home/josh/robot_ws/src/open-source-autonomous-vehicle-controller/car_ros/install/articubot_one/share/articubot_one/worlds/install/_local_setup_util_sh.py
[1.454s] -- Up-to-date symlink: /home/josh/robot_ws/src/open-source-autonomous-vehicle-controller/car_ros/install/articubot_one/share/articubot_one/worlds/install/local_setup.bash
[1.454s] -- Up-to-date symlink: /home/josh/robot_ws/src/open-source-autonomous-vehicle-controller/car_ros/install/articubot_one/share/articubot_one/worlds/install/local_setup.ps1
[1.454s] -- Up-to-date symlink: /home/josh/robot_ws/src/open-source-autonomous-vehicle-controller/car_ros/install/articubot_one/share/articubot_one/worlds/install/local_setup.sh
[1.455s] -- Up-to-date symlink: /home/josh/robot_ws/src/open-source-autonomous-vehicle-controller/car_ros/install/articubot_one/share/articubot_one/worlds/install/local_setup.zsh
[1.455s] -- Up-to-date symlink: /home/josh/robot_ws/src/open-source-autonomous-vehicle-controller/car_ros/install/articubot_one/share/articubot_one/worlds/install/setup.bash
[1.455s] -- Up-to-date symlink: /home/josh/robot_ws/src/open-source-autonomous-vehicle-controller/car_ros/install/articubot_one/share/articubot_one/worlds/install/setup.ps1
[1.455s] -- Up-to-date symlink: /home/josh/robot_ws/src/open-source-autonomous-vehicle-controller/car_ros/install/articubot_one/share/articubot_one/worlds/install/setup.sh
[1.455s] -- Up-to-date symlink: /home/josh/robot_ws/src/open-source-autonomous-vehicle-controller/car_ros/install/articubot_one/share/articubot_one/worlds/install/setup.zsh
[1.455s] -- Up-to-date symlink: /home/josh/robot_ws/src/open-source-autonomous-vehicle-controller/car_ros/install/articubot_one/share/articubot_one/worlds/log/COLCON_IGNORE
[1.455s] -- Up-to-date symlink: /home/josh/robot_ws/src/open-source-autonomous-vehicle-controller/car_ros/install/articubot_one/share/articubot_one/worlds/log/build_2022-07-30_14-37-56/events.log
[1.455s] -- Up-to-date symlink: /home/josh/robot_ws/src/open-source-autonomous-vehicle-controller/car_ros/install/articubot_one/share/articubot_one/worlds/log/build_2022-07-30_14-37-56/logger_all.log
[1.456s] -- Up-to-date symlink: /home/josh/robot_ws/src/open-source-autonomous-vehicle-controller/car_ros/install/articubot_one/share/articubot_one/worlds/log/build_2022-07-30_14-41-22/events.log
[1.456s] -- Up-to-date symlink: /home/josh/robot_ws/src/open-source-autonomous-vehicle-controller/car_ros/install/articubot_one/share/articubot_one/worlds/log/build_2022-07-30_14-41-22/logger_all.log
[1.456s] -- Up-to-date symlink: /home/josh/robot_ws/src/open-source-autonomous-vehicle-controller/car_ros/install/articubot_one/share/articubot_one/worlds/log/build_2022-07-30_14-53-52/events.log
[1.456s] -- Up-to-date symlink: /home/josh/robot_ws/src/open-source-autonomous-vehicle-controller/car_ros/install/articubot_one/share/articubot_one/worlds/log/build_2022-07-30_14-53-52/logger_all.log
[1.456s] -- Up-to-date symlink: /home/josh/robot_ws/src/open-source-autonomous-vehicle-controller/car_ros/install/articubot_one/share/articubot_one/worlds/log/build_2022-07-30_15-07-33/events.log
[1.456s] -- Up-to-date symlink: /home/josh/robot_ws/src/open-source-autonomous-vehicle-controller/car_ros/install/articubot_one/share/articubot_one/worlds/log/build_2022-07-30_15-07-33/logger_all.log
[1.456s] -- Up-to-date symlink: /home/josh/robot_ws/src/open-source-autonomous-vehicle-controller/car_ros/install/articubot_one/share/articubot_one/worlds/log/build_2022-07-30_17-44-16/events.log
[1.456s] -- Up-to-date symlink: /home/josh/robot_ws/src/open-source-autonomous-vehicle-controller/car_ros/install/articubot_one/share/articubot_one/worlds/log/build_2022-07-30_17-44-16/logger_all.log
[1.456s] -- Up-to-date symlink: /home/josh/robot_ws/src/open-source-autonomous-vehicle-controller/car_ros/install/articubot_one/share/articubot_one/worlds/log/build_2022-08-01_09-03-07/events.log
[1.457s] -- Up-to-date symlink: /home/josh/robot_ws/src/open-source-autonomous-vehicle-controller/car_ros/install/articubot_one/share/articubot_one/worlds/log/build_2022-08-01_09-03-07/logger_all.log
[1.457s] -- Up-to-date symlink: /home/josh/robot_ws/src/open-source-autonomous-vehicle-controller/car_ros/install/articubot_one/share/articubot_one/worlds/log/latest/events.log
[1.457s] -- Up-to-date symlink: /home/josh/robot_ws/src/open-source-autonomous-vehicle-controller/car_ros/install/articubot_one/share/articubot_one/worlds/log/latest/logger_all.log
[1.457s] -- Up-to-date symlink: /home/josh/robot_ws/src/open-source-autonomous-vehicle-controller/car_ros/install/articubot_one/share/articubot_one/worlds/log/latest_build/events.log
[1.457s] -- Up-to-date symlink: /home/josh/robot_ws/src/open-source-autonomous-vehicle-controller/car_ros/install/articubot_one/share/articubot_one/worlds/log/latest_build/logger_all.log
[1.457s] -- Up-to-date symlink: /home/josh/robot_ws/src/open-source-autonomous-vehicle-controller/car_ros/install/articubot_one/share/articubot_one/worlds/model.dae
[1.457s] -- Up-to-date symlink: /home/josh/robot_ws/src/open-source-autonomous-vehicle-controller/car_ros/install/articubot_one/share/articubot_one/worlds/neon_cone/model.config
[1.457s] -- Up-to-date symlink: /home/josh/robot_ws/src/open-source-autonomous-vehicle-controller/car_ros/install/articubot_one/share/articubot_one/worlds/neon_cone/model.sdf
[1.457s] -- Up-to-date symlink: /home/josh/robot_ws/src/open-source-autonomous-vehicle-controller/car_ros/install/articubot_one/share/articubot_one/worlds/new.world
[1.458s] -- Up-to-date symlink: /home/josh/robot_ws/src/open-source-autonomous-vehicle-controller/car_ros/install/articubot_one/share/articubot_one/worlds/orange_cone/model.config
[1.458s] -- Up-to-date symlink: /home/josh/robot_ws/src/open-source-autonomous-vehicle-controller/car_ros/install/articubot_one/share/articubot_one/worlds/orange_cone/model.sdf
[1.458s] -- Up-to-date symlink: /home/josh/robot_ws/src/open-source-autonomous-vehicle-controller/car_ros/install/articubot_one/share/ament_index/resource_index/package_run_dependencies/articubot_one
[1.458s] -- Up-to-date symlink: /home/josh/robot_ws/src/open-source-autonomous-vehicle-controller/car_ros/install/articubot_one/share/ament_index/resource_index/parent_prefix_path/articubot_one
[1.458s] -- Up-to-date symlink: /home/josh/robot_ws/src/open-source-autonomous-vehicle-controller/car_ros/install/articubot_one/share/articubot_one/environment/ament_prefix_path.sh
[1.458s] -- Up-to-date symlink: /home/josh/robot_ws/src/open-source-autonomous-vehicle-controller/car_ros/install/articubot_one/share/articubot_one/environment/ament_prefix_path.dsv
[1.458s] -- Up-to-date symlink: /home/josh/robot_ws/src/open-source-autonomous-vehicle-controller/car_ros/install/articubot_one/share/articubot_one/environment/path.sh
[1.459s] -- Up-to-date symlink: /home/josh/robot_ws/src/open-source-autonomous-vehicle-controller/car_ros/install/articubot_one/share/articubot_one/environment/path.dsv
[1.459s] -- Up-to-date symlink: /home/josh/robot_ws/src/open-source-autonomous-vehicle-controller/car_ros/install/articubot_one/share/articubot_one/local_setup.bash
[1.459s] -- Up-to-date symlink: /home/josh/robot_ws/src/open-source-autonomous-vehicle-controller/car_ros/install/articubot_one/share/articubot_one/local_setup.sh
[1.459s] -- Up-to-date symlink: /home/josh/robot_ws/src/open-source-autonomous-vehicle-controller/car_ros/install/articubot_one/share/articubot_one/local_setup.zsh
[1.459s] -- Up-to-date symlink: /home/josh/robot_ws/src/open-source-autonomous-vehicle-controller/car_ros/install/articubot_one/share/articubot_one/local_setup.dsv
[1.459s] -- Symlinking: /home/josh/robot_ws/src/open-source-autonomous-vehicle-controller/car_ros/install/articubot_one/share/articubot_one/package.dsv
[1.466s] -- Up-to-date symlink: /home/josh/robot_ws/src/open-source-autonomous-vehicle-controller/car_ros/install/articubot_one/share/ament_index/resource_index/packages/articubot_one
[1.466s] -- Up-to-date symlink: /home/josh/robot_ws/src/open-source-autonomous-vehicle-controller/car_ros/install/articubot_one/share/articubot_one/cmake/articubot_oneConfig.cmake
[1.466s] -- Up-to-date symlink: /home/josh/robot_ws/src/open-source-autonomous-vehicle-controller/car_ros/install/articubot_one/share/articubot_one/cmake/articubot_oneConfig-version.cmake
[1.466s] -- Up-to-date symlink: /home/josh/robot_ws/src/open-source-autonomous-vehicle-controller/car_ros/install/articubot_one/share/articubot_one/package.xml
[1.469s] Invoked command in '/home/josh/robot_ws/src/open-source-autonomous-vehicle-controller/car_ros/build/articubot_one' returned '0': CMAKE_PREFIX_PATH=${CMAKE_PREFIX_PATH}:/opt/ros/foxy /usr/bin/cmake --install /home/josh/robot_ws/src/open-source-autonomous-vehicle-controller/car_ros/build/articubot_one
