[0.020s] Invoking command in '/home/josh/robot_ws/src/open-source-autonomous-vehicle-controller/car_ros/build/articubot_one': CMAKE_PREFIX_PATH=${CMAKE_PREFIX_PATH}:/opt/ros/foxy /usr/bin/cmake /home/josh/robot_ws/src/open-source-autonomous-vehicle-controller/car_ros -DAMENT_CMAKE_SYMLINK_INSTALL=1 -DCMAKE_INSTALL_PREFIX=/home/josh/robot_ws/src/open-source-autonomous-vehicle-controller/car_ros/install/articubot_one
[0.240s] -- The C compiler identification is GNU 8.4.0
[0.552s] -- The CXX compiler identification is GNU 8.4.0
[0.716s] -- Check for working C compiler: /usr/bin/cc
[0.900s] -- Check for working C compiler: /usr/bin/cc -- works
[0.901s] -- Detecting C compiler ABI info
[1.071s] -- Detecting C compiler ABI info - done
[1.084s] -- Detecting C compile features
[1.085s] -- Detecting C compile features - done
[1.087s] -- Check for working CXX compiler: /usr/bin/c++
[1.282s] -- Check for working CXX compiler: /usr/bin/c++ -- works
[1.283s] -- Detecting CXX compiler ABI info
[1.462s] -- Detecting CXX compiler ABI info - done
[1.471s] -- Detecting CXX compile features
[1.471s] -- Detecting CXX compile features - done
[1.473s] -- Found ament_cmake: 0.9.9 (/opt/ros/foxy/share/ament_cmake/cmake)
[1.492s] -- Found PythonInterp: /usr/bin/python3 (found suitable version "3.8.10", minimum required is "3") 
[1.492s] -- Using PYTHON_EXECUTABLE: /usr/bin/python3
[1.670s] -- Override CMake install command with custom implementation using symlinks instead of copying resources
[1.685s] -- Found ament_lint_auto: 0.9.6 (/opt/ros/foxy/share/ament_lint_auto/cmake)
[1.772s] -- Added test 'copyright' to check source files copyright and LICENSE
[1.803s] -- Added test 'cppcheck' to perform static code analysis on C / C++ code
[1.803s] -- Configured cppcheck include dirs: 
[1.803s] -- Configured cppcheck exclude dirs and/or files: 
[1.827s] -- Added test 'cpplint' to check C / C++ code against the Google style
[1.827s] -- Configured cpplint exclude dirs and/or files: 
[1.831s] -- Added test 'flake8' to check Python code syntax and style conventions
[1.840s] -- Added test 'lint_cmake' to check CMake code style
[1.843s] -- Added test 'pep257' to check Python code against some of the style conventions in PEP 257
[1.873s] -- Added test 'uncrustify' to check C / C++ code style
[1.873s] -- Configured uncrustify additional arguments: 
[1.877s] -- Added test 'xmllint' to check XML markup files
[1.880s] -- Configuring done
[1.882s] -- Generating done
[1.884s] -- Build files have been written to: /home/josh/robot_ws/src/open-source-autonomous-vehicle-controller/car_ros/build/articubot_one
[1.887s] Invoked command in '/home/josh/robot_ws/src/open-source-autonomous-vehicle-controller/car_ros/build/articubot_one' returned '0': CMAKE_PREFIX_PATH=${CMAKE_PREFIX_PATH}:/opt/ros/foxy /usr/bin/cmake /home/josh/robot_ws/src/open-source-autonomous-vehicle-controller/car_ros -DAMENT_CMAKE_SYMLINK_INSTALL=1 -DCMAKE_INSTALL_PREFIX=/home/josh/robot_ws/src/open-source-autonomous-vehicle-controller/car_ros/install/articubot_one
[1.890s] Invoking command in '/home/josh/robot_ws/src/open-source-autonomous-vehicle-controller/car_ros/build/articubot_one': CMAKE_PREFIX_PATH=${CMAKE_PREFIX_PATH}:/opt/ros/foxy /usr/bin/cmake --build /home/josh/robot_ws/src/open-source-autonomous-vehicle-controller/car_ros/build/articubot_one -- -j12 -l12
[1.923s] Invoked command in '/home/josh/robot_ws/src/open-source-autonomous-vehicle-controller/car_ros/build/articubot_one' returned '0': CMAKE_PREFIX_PATH=${CMAKE_PREFIX_PATH}:/opt/ros/foxy /usr/bin/cmake --build /home/josh/robot_ws/src/open-source-autonomous-vehicle-controller/car_ros/build/articubot_one -- -j12 -l12
[1.953s] Invoking command in '/home/josh/robot_ws/src/open-source-autonomous-vehicle-controller/car_ros/build/articubot_one': CMAKE_PREFIX_PATH=${CMAKE_PREFIX_PATH}:/opt/ros/foxy /usr/bin/cmake --install /home/josh/robot_ws/src/open-source-autonomous-vehicle-controller/car_ros/build/articubot_one
[1.959s] -- Install configuration: ""
[1.959s] -- Execute custom install script
[1.960s] -- Up-to-date symlink: /home/josh/robot_ws/src/open-source-autonomous-vehicle-controller/car_ros/install/articubot_one/share/articubot_one/config/drive_bot.rviz
[1.960s] -- Up-to-date symlink: /home/josh/robot_ws/src/open-source-autonomous-vehicle-controller/car_ros/install/articubot_one/share/articubot_one/description/gazebo_control.xacro
[1.960s] -- Up-to-date symlink: /home/josh/robot_ws/src/open-source-autonomous-vehicle-controller/car_ros/install/articubot_one/share/articubot_one/description/inertial_macros.xacro
[1.961s] -- Up-to-date symlink: /home/josh/robot_ws/src/open-source-autonomous-vehicle-controller/car_ros/install/articubot_one/share/articubot_one/description/robot.urdf.xacro
[1.961s] -- Up-to-date symlink: /home/josh/robot_ws/src/open-source-autonomous-vehicle-controller/car_ros/install/articubot_one/share/articubot_one/description/robot_camera.xacro
[1.961s] -- Up-to-date symlink: /home/josh/robot_ws/src/open-source-autonomous-vehicle-controller/car_ros/install/articubot_one/share/articubot_one/description/robot_core.xacro
[1.961s] -- Up-to-date symlink: /home/josh/robot_ws/src/open-source-autonomous-vehicle-controller/car_ros/install/articubot_one/share/articubot_one/description/robot_lidar.xacro
[1.961s] -- Up-to-date symlink: /home/josh/robot_ws/src/open-source-autonomous-vehicle-controller/car_ros/install/articubot_one/share/articubot_one/launch/launch_sim.launch.py
[1.961s] -- Up-to-date symlink: /home/josh/robot_ws/src/open-source-autonomous-vehicle-controller/car_ros/install/articubot_one/share/articubot_one/launch/rsp.launch.py
[1.962s] CMake Warning (dev) at ament_cmake_symlink_install/ament_cmake_symlink_install.cmake:62 (file):
[1.962s]   Policy CMP0009 is not set: FILE GLOB_RECURSE calls should not follow
[1.963s]   symlinks by default.  Run "cmake --help-policy CMP0009" for policy details.
[1.963s]   Use the cmake_policy command to set the policy and suppress this warning.
[1.963s] Call Stack (most recent call first):
[1.963s]   ament_cmake_symlink_install/ament_cmake_symlink_install.cmake:314 (ament_cmake_symlink_install_directory)
[1.963s]   cmake_install.cmake:41 (include)
[1.963s] This warning is for project developers.  Use -Wno-dev to suppress it.
[1.963s] 
[1.963s] -- Up-to-date symlink: /home/josh/robot_ws/src/open-source-autonomous-vehicle-controller/car_ros/install/articubot_one/share/articubot_one/worlds/blue_cone/model.config
[1.964s] -- Up-to-date symlink: /home/josh/robot_ws/src/open-source-autonomous-vehicle-controller/car_ros/install/articubot_one/share/articubot_one/worlds/blue_cone/model.sdf
[1.964s] -- Up-to-date symlink: /home/josh/robot_ws/src/open-source-autonomous-vehicle-controller/car_ros/install/articubot_one/share/articubot_one/worlds/build/.built_by
[1.964s] -- Up-to-date symlink: /home/josh/robot_ws/src/open-source-autonomous-vehicle-controller/car_ros/install/articubot_one/share/articubot_one/worlds/build/COLCON_IGNORE
[1.964s] -- Up-to-date symlink: /home/josh/robot_ws/src/open-source-autonomous-vehicle-controller/car_ros/install/articubot_one/share/articubot_one/worlds/install/.colcon_install_layout
[1.964s] -- Up-to-date symlink: /home/josh/robot_ws/src/open-source-autonomous-vehicle-controller/car_ros/install/articubot_one/share/articubot_one/worlds/install/COLCON_IGNORE
[1.964s] -- Up-to-date symlink: /home/josh/robot_ws/src/open-source-autonomous-vehicle-controller/car_ros/install/articubot_one/share/articubot_one/worlds/install/_local_setup_util_ps1.py
[1.964s] -- Up-to-date symlink: /home/josh/robot_ws/src/open-source-autonomous-vehicle-controller/car_ros/install/articubot_one/share/articubot_one/worlds/install/_local_setup_util_sh.py
[1.964s] -- Up-to-date symlink: /home/josh/robot_ws/src/open-source-autonomous-vehicle-controller/car_ros/install/articubot_one/share/articubot_one/worlds/install/local_setup.bash
[1.964s] -- Up-to-date symlink: /home/josh/robot_ws/src/open-source-autonomous-vehicle-controller/car_ros/install/articubot_one/share/articubot_one/worlds/install/local_setup.ps1
[1.965s] -- Up-to-date symlink: /home/josh/robot_ws/src/open-source-autonomous-vehicle-controller/car_ros/install/articubot_one/share/articubot_one/worlds/install/local_setup.sh
[1.965s] -- Up-to-date symlink: /home/josh/robot_ws/src/open-source-autonomous-vehicle-controller/car_ros/install/articubot_one/share/articubot_one/worlds/install/local_setup.zsh
[1.965s] -- Up-to-date symlink: /home/josh/robot_ws/src/open-source-autonomous-vehicle-controller/car_ros/install/articubot_one/share/articubot_one/worlds/install/setup.bash
[1.965s] -- Up-to-date symlink: /home/josh/robot_ws/src/open-source-autonomous-vehicle-controller/car_ros/install/articubot_one/share/articubot_one/worlds/install/setup.ps1
[1.965s] -- Up-to-date symlink: /home/josh/robot_ws/src/open-source-autonomous-vehicle-controller/car_ros/install/articubot_one/share/articubot_one/worlds/install/setup.sh
[1.965s] -- Up-to-date symlink: /home/josh/robot_ws/src/open-source-autonomous-vehicle-controller/car_ros/install/articubot_one/share/articubot_one/worlds/install/setup.zsh
[1.966s] -- Up-to-date symlink: /home/josh/robot_ws/src/open-source-autonomous-vehicle-controller/car_ros/install/articubot_one/share/articubot_one/worlds/log/COLCON_IGNORE
[1.966s] -- Up-to-date symlink: /home/josh/robot_ws/src/open-source-autonomous-vehicle-controller/car_ros/install/articubot_one/share/articubot_one/worlds/log/build_2022-07-30_14-37-56/events.log
[1.966s] -- Up-to-date symlink: /home/josh/robot_ws/src/open-source-autonomous-vehicle-controller/car_ros/install/articubot_one/share/articubot_one/worlds/log/build_2022-07-30_14-37-56/logger_all.log
[1.966s] -- Up-to-date symlink: /home/josh/robot_ws/src/open-source-autonomous-vehicle-controller/car_ros/install/articubot_one/share/articubot_one/worlds/log/build_2022-07-30_14-41-22/events.log
[1.966s] -- Up-to-date symlink: /home/josh/robot_ws/src/open-source-autonomous-vehicle-controller/car_ros/install/articubot_one/share/articubot_one/worlds/log/build_2022-07-30_14-41-22/logger_all.log
[1.966s] -- Up-to-date symlink: /home/josh/robot_ws/src/open-source-autonomous-vehicle-controller/car_ros/install/articubot_one/share/articubot_one/worlds/log/build_2022-07-30_14-53-52/events.log
[1.966s] -- Up-to-date symlink: /home/josh/robot_ws/src/open-source-autonomous-vehicle-controller/car_ros/install/articubot_one/share/articubot_one/worlds/log/build_2022-07-30_14-53-52/logger_all.log
[1.966s] -- Up-to-date symlink: /home/josh/robot_ws/src/open-source-autonomous-vehicle-controller/car_ros/install/articubot_one/share/articubot_one/worlds/log/build_2022-07-30_15-07-33/events.log
[1.967s] -- Up-to-date symlink: /home/josh/robot_ws/src/open-source-autonomous-vehicle-controller/car_ros/install/articubot_one/share/articubot_one/worlds/log/build_2022-07-30_15-07-33/logger_all.log
[1.967s] -- Up-to-date symlink: /home/josh/robot_ws/src/open-source-autonomous-vehicle-controller/car_ros/install/articubot_one/share/articubot_one/worlds/log/build_2022-07-30_17-44-16/events.log
[1.967s] -- Up-to-date symlink: /home/josh/robot_ws/src/open-source-autonomous-vehicle-controller/car_ros/install/articubot_one/share/articubot_one/worlds/log/build_2022-07-30_17-44-16/logger_all.log
[1.967s] -- Up-to-date symlink: /home/josh/robot_ws/src/open-source-autonomous-vehicle-controller/car_ros/install/articubot_one/share/articubot_one/worlds/log/build_2022-08-01_09-03-07/events.log
[1.967s] -- Up-to-date symlink: /home/josh/robot_ws/src/open-source-autonomous-vehicle-controller/car_ros/install/articubot_one/share/articubot_one/worlds/log/build_2022-08-01_09-03-07/logger_all.log
[1.967s] -- Symlinking: /home/josh/robot_ws/src/open-source-autonomous-vehicle-controller/car_ros/install/articubot_one/share/articubot_one/worlds/log/build_2022-08-06_15-42-59/events.log
[1.976s] -- Symlinking: /home/josh/robot_ws/src/open-source-autonomous-vehicle-controller/car_ros/install/articubot_one/share/articubot_one/worlds/log/build_2022-08-06_15-42-59/logger_all.log
[1.983s] -- Up-to-date symlink: /home/josh/robot_ws/src/open-source-autonomous-vehicle-controller/car_ros/install/articubot_one/share/articubot_one/worlds/log/latest/events.log
[1.983s] -- Up-to-date symlink: /home/josh/robot_ws/src/open-source-autonomous-vehicle-controller/car_ros/install/articubot_one/share/articubot_one/worlds/log/latest/logger_all.log
[1.983s] -- Up-to-date symlink: /home/josh/robot_ws/src/open-source-autonomous-vehicle-controller/car_ros/install/articubot_one/share/articubot_one/worlds/log/latest_build/events.log
[1.983s] -- Up-to-date symlink: /home/josh/robot_ws/src/open-source-autonomous-vehicle-controller/car_ros/install/articubot_one/share/articubot_one/worlds/log/latest_build/logger_all.log
[1.984s] -- Up-to-date symlink: /home/josh/robot_ws/src/open-source-autonomous-vehicle-controller/car_ros/install/articubot_one/share/articubot_one/worlds/model.dae
[1.984s] -- Up-to-date symlink: /home/josh/robot_ws/src/open-source-autonomous-vehicle-controller/car_ros/install/articubot_one/share/articubot_one/worlds/neon_cone/model.config
[1.984s] -- Up-to-date symlink: /home/josh/robot_ws/src/open-source-autonomous-vehicle-controller/car_ros/install/articubot_one/share/articubot_one/worlds/neon_cone/model.sdf
[1.984s] -- Up-to-date symlink: /home/josh/robot_ws/src/open-source-autonomous-vehicle-controller/car_ros/install/articubot_one/share/articubot_one/worlds/new.world
[1.984s] -- Up-to-date symlink: /home/josh/robot_ws/src/open-source-autonomous-vehicle-controller/car_ros/install/articubot_one/share/articubot_one/worlds/orange_cone/model.config
[1.984s] -- Up-to-date symlink: /home/josh/robot_ws/src/open-source-autonomous-vehicle-controller/car_ros/install/articubot_one/share/articubot_one/worlds/orange_cone/model.sdf
[1.984s] -- Up-to-date symlink: /home/josh/robot_ws/src/open-source-autonomous-vehicle-controller/car_ros/install/articubot_one/share/ament_index/resource_index/package_run_dependencies/articubot_one
[1.985s] -- Up-to-date symlink: /home/josh/robot_ws/src/open-source-autonomous-vehicle-controller/car_ros/install/articubot_one/share/ament_index/resource_index/parent_prefix_path/articubot_one
[1.985s] -- Up-to-date symlink: /home/josh/robot_ws/src/open-source-autonomous-vehicle-controller/car_ros/install/articubot_one/share/articubot_one/environment/ament_prefix_path.sh
[1.985s] -- Up-to-date symlink: /home/josh/robot_ws/src/open-source-autonomous-vehicle-controller/car_ros/install/articubot_one/share/articubot_one/environment/ament_prefix_path.dsv
[1.985s] -- Up-to-date symlink: /home/josh/robot_ws/src/open-source-autonomous-vehicle-controller/car_ros/install/articubot_one/share/articubot_one/environment/path.sh
[1.985s] -- Up-to-date symlink: /home/josh/robot_ws/src/open-source-autonomous-vehicle-controller/car_ros/install/articubot_one/share/articubot_one/environment/path.dsv
[1.985s] -- Up-to-date symlink: /home/josh/robot_ws/src/open-source-autonomous-vehicle-controller/car_ros/install/articubot_one/share/articubot_one/local_setup.bash
[1.985s] -- Up-to-date symlink: /home/josh/robot_ws/src/open-source-autonomous-vehicle-controller/car_ros/install/articubot_one/share/articubot_one/local_setup.sh
[1.986s] -- Up-to-date symlink: /home/josh/robot_ws/src/open-source-autonomous-vehicle-controller/car_ros/install/articubot_one/share/articubot_one/local_setup.zsh
[1.986s] -- Up-to-date symlink: /home/josh/robot_ws/src/open-source-autonomous-vehicle-controller/car_ros/install/articubot_one/share/articubot_one/local_setup.dsv
[1.986s] -- Symlinking: /home/josh/robot_ws/src/open-source-autonomous-vehicle-controller/car_ros/install/articubot_one/share/articubot_one/package.dsv
[1.998s] -- Up-to-date symlink: /home/josh/robot_ws/src/open-source-autonomous-vehicle-controller/car_ros/install/articubot_one/share/ament_index/resource_index/packages/articubot_one
[1.998s] -- Up-to-date symlink: /home/josh/robot_ws/src/open-source-autonomous-vehicle-controller/car_ros/install/articubot_one/share/articubot_one/cmake/articubot_oneConfig.cmake
[1.998s] -- Up-to-date symlink: /home/josh/robot_ws/src/open-source-autonomous-vehicle-controller/car_ros/install/articubot_one/share/articubot_one/cmake/articubot_oneConfig-version.cmake
[1.999s] -- Up-to-date symlink: /home/josh/robot_ws/src/open-source-autonomous-vehicle-controller/car_ros/install/articubot_one/share/articubot_one/package.xml
[2.001s] Invoked command in '/home/josh/robot_ws/src/open-source-autonomous-vehicle-controller/car_ros/build/articubot_one' returned '0': CMAKE_PREFIX_PATH=${CMAKE_PREFIX_PATH}:/opt/ros/foxy /usr/bin/cmake --install /home/josh/robot_ws/src/open-source-autonomous-vehicle-controller/car_ros/build/articubot_one
